2023-08-11 12:30:59,769:WARNING:
'cuml' is a soft dependency and not included in the pycaret installation. Please run: `pip install cuml` to install.
2023-08-11 12:30:59,769:WARNING:
'cuml' is a soft dependency and not included in the pycaret installation. Please run: `pip install cuml` to install.
2023-08-11 12:30:59,769:WARNING:
'cuml' is a soft dependency and not included in the pycaret installation. Please run: `pip install cuml` to install.
2023-08-11 12:30:59,769:WARNING:
'cuml' is a soft dependency and not included in the pycaret installation. Please run: `pip install cuml` to install.
2023-08-11 12:31:00,272:WARNING:
'prophet' is a soft dependency and not included in the pycaret installation. Please run: `pip install prophet` to install.
2023-08-11 12:32:29,539:INFO:PyCaret ClassificationExperiment
2023-08-11 12:32:29,540:INFO:Logging name: clf-default-name
2023-08-11 12:32:29,540:INFO:ML Usecase: MLUsecase.CLASSIFICATION
2023-08-11 12:32:29,540:INFO:version 3.0.0
2023-08-11 12:32:29,540:INFO:Initializing setup()
2023-08-11 12:32:29,540:INFO:self.USI: e4ee
2023-08-11 12:32:29,540:INFO:self._variable_keys: {'idx', 'fix_imbalance', 'fold_groups_param', 'fold_generator', 'exp_name_log', 'log_plots_param', 'html_param', 'X', 'y_test', 'n_jobs_param', '_available_plots', 'y_train', 'pipeline', 'gpu_param', 'USI', '_ml_usecase', 'X_train', 'X_test', 'is_multiclass', 'gpu_n_jobs_param', 'seed', 'y', 'fold_shuffle_param', 'target_param', 'logging_param', 'exp_id', 'memory', 'data'}
2023-08-11 12:32:29,540:INFO:Checking environment
2023-08-11 12:32:29,540:INFO:python_version: 3.9.16
2023-08-11 12:32:29,540:INFO:python_build: ('main', 'Feb  1 2023 21:38:11')
2023-08-11 12:32:29,540:INFO:machine: arm64
2023-08-11 12:32:29,540:INFO:platform: macOS-13.4.1-arm64-arm-64bit
2023-08-11 12:32:29,540:INFO:Memory: svmem(total=17179869184, available=3428270080, percent=80.0, used=6153879552, free=74235904, active=3366699008, inactive=3351281664, wired=2787180544)
2023-08-11 12:32:29,540:INFO:Physical Core: 10
2023-08-11 12:32:29,540:INFO:Logical Core: 10
2023-08-11 12:32:29,540:INFO:Checking libraries
2023-08-11 12:32:29,540:INFO:System:
2023-08-11 12:32:29,540:INFO:    python: 3.9.16 | packaged by conda-forge | (main, Feb  1 2023, 21:38:11)  [Clang 14.0.6 ]
2023-08-11 12:32:29,540:INFO:executable: /Users/a06411/opt/anaconda3/envs/pycaret/bin/python
2023-08-11 12:32:29,540:INFO:   machine: macOS-13.4.1-arm64-arm-64bit
2023-08-11 12:32:29,540:INFO:PyCaret required dependencies:
2023-08-11 12:32:29,569:INFO:                 pip: 23.2.1
2023-08-11 12:32:29,569:INFO:          setuptools: 68.0.0
2023-08-11 12:32:29,569:INFO:             pycaret: 3.0.0
2023-08-11 12:32:29,569:INFO:             IPython: 8.14.0
2023-08-11 12:32:29,569:INFO:          ipywidgets: 8.1.0
2023-08-11 12:32:29,569:INFO:                tqdm: 4.65.0
2023-08-11 12:32:29,569:INFO:               numpy: 1.25.2
2023-08-11 12:32:29,569:INFO:              pandas: 1.5.3
2023-08-11 12:32:29,569:INFO:              jinja2: 3.1.2
2023-08-11 12:32:29,569:INFO:               scipy: 1.11.1
2023-08-11 12:32:29,569:INFO:              joblib: 1.3.2
2023-08-11 12:32:29,569:INFO:             sklearn: 1.1.1
2023-08-11 12:32:29,569:INFO:                pyod: 1.0.9
2023-08-11 12:32:29,569:INFO:            imblearn: 0.9.1
2023-08-11 12:32:29,569:INFO:   category_encoders: 2.6.0
2023-08-11 12:32:29,569:INFO:            lightgbm: 4.0.0
2023-08-11 12:32:29,569:INFO:               numba: 0.57.0
2023-08-11 12:32:29,569:INFO:            requests: 2.31.0
2023-08-11 12:32:29,569:INFO:          matplotlib: 3.7.1
2023-08-11 12:32:29,569:INFO:          scikitplot: 0.3.7
2023-08-11 12:32:29,569:INFO:         yellowbrick: 1.5
2023-08-11 12:32:29,569:INFO:              plotly: 5.14.1
2023-08-11 12:32:29,569:INFO:             kaleido: 0.2.1
2023-08-11 12:32:29,569:INFO:         statsmodels: 0.13.5
2023-08-11 12:32:29,569:INFO:              sktime: 0.18.0
2023-08-11 12:32:29,569:INFO:               tbats: 1.1.3
2023-08-11 12:32:29,569:INFO:            pmdarima: 2.0.3
2023-08-11 12:32:29,569:INFO:              psutil: 5.9.5
2023-08-11 12:32:29,569:INFO:PyCaret optional dependencies:
2023-08-11 12:32:29,575:INFO:                shap: 0.41.0
2023-08-11 12:32:29,575:INFO:           interpret: Not installed
2023-08-11 12:32:29,575:INFO:                umap: Not installed
2023-08-11 12:32:29,575:INFO:    pandas_profiling: Not installed
2023-08-11 12:32:29,575:INFO:  explainerdashboard: Not installed
2023-08-11 12:32:29,575:INFO:             autoviz: Not installed
2023-08-11 12:32:29,575:INFO:           fairlearn: Not installed
2023-08-11 12:32:29,575:INFO:             xgboost: 1.7.6
2023-08-11 12:32:29,575:INFO:            catboost: 1.2
2023-08-11 12:32:29,575:INFO:              kmodes: Not installed
2023-08-11 12:32:29,575:INFO:             mlxtend: Not installed
2023-08-11 12:32:29,575:INFO:       statsforecast: Not installed
2023-08-11 12:32:29,575:INFO:        tune_sklearn: 0.4.6
2023-08-11 12:32:29,575:INFO:                 ray: 2.6.2
2023-08-11 12:32:29,575:INFO:            hyperopt: 0.2.7
2023-08-11 12:32:29,575:INFO:              optuna: 3.3.0
2023-08-11 12:32:29,575:INFO:               skopt: 0.9.0
2023-08-11 12:32:29,575:INFO:              mlflow: Not installed
2023-08-11 12:32:29,575:INFO:              gradio: Not installed
2023-08-11 12:32:29,575:INFO:             fastapi: Not installed
2023-08-11 12:32:29,575:INFO:             uvicorn: Not installed
2023-08-11 12:32:29,575:INFO:              m2cgen: Not installed
2023-08-11 12:32:29,575:INFO:           evidently: Not installed
2023-08-11 12:32:29,575:INFO:               fugue: Not installed
2023-08-11 12:32:29,575:INFO:           streamlit: Not installed
2023-08-11 12:32:29,575:INFO:             prophet: Not installed
2023-08-11 12:32:29,575:INFO:None
2023-08-11 12:32:29,575:INFO:Set up data.
2023-08-11 12:32:29,624:INFO:Set up train/test split.
2023-08-11 12:32:29,637:INFO:Set up index.
2023-08-11 12:32:29,637:INFO:Set up folding strategy.
2023-08-11 12:32:29,637:INFO:Assigning column types.
2023-08-11 12:32:29,642:INFO:Engine successfully changes for model 'lr' to 'sklearn'.
2023-08-11 12:32:29,661:INFO:Engine for model 'knn' has not been set explicitly, hence returning None.
2023-08-11 12:32:29,663:INFO:Engine for model 'rbfsvm' has not been set explicitly, hence returning None.
2023-08-11 12:32:29,679:INFO:Soft dependency imported: xgboost: 1.7.6
2023-08-11 12:32:29,709:INFO:Soft dependency imported: catboost: 1.2
2023-08-11 12:32:29,776:INFO:Engine for model 'knn' has not been set explicitly, hence returning None.
2023-08-11 12:32:29,776:INFO:Engine for model 'rbfsvm' has not been set explicitly, hence returning None.
2023-08-11 12:32:29,788:INFO:Soft dependency imported: xgboost: 1.7.6
2023-08-11 12:32:29,793:INFO:Soft dependency imported: catboost: 1.2
2023-08-11 12:32:29,793:INFO:Engine successfully changes for model 'knn' to 'sklearn'.
2023-08-11 12:32:29,813:INFO:Engine for model 'rbfsvm' has not been set explicitly, hence returning None.
2023-08-11 12:32:29,824:INFO:Soft dependency imported: xgboost: 1.7.6
2023-08-11 12:32:29,825:INFO:Soft dependency imported: catboost: 1.2
2023-08-11 12:32:29,845:INFO:Engine for model 'rbfsvm' has not been set explicitly, hence returning None.
2023-08-11 12:32:29,856:INFO:Soft dependency imported: xgboost: 1.7.6
2023-08-11 12:32:29,857:INFO:Soft dependency imported: catboost: 1.2
2023-08-11 12:32:29,858:INFO:Engine successfully changes for model 'rbfsvm' to 'sklearn'.
2023-08-11 12:32:29,889:INFO:Soft dependency imported: xgboost: 1.7.6
2023-08-11 12:32:29,890:INFO:Soft dependency imported: catboost: 1.2
2023-08-11 12:32:29,922:INFO:Soft dependency imported: xgboost: 1.7.6
2023-08-11 12:32:29,924:INFO:Soft dependency imported: catboost: 1.2
2023-08-11 12:32:29,926:INFO:Preparing preprocessing pipeline...
2023-08-11 12:32:29,927:INFO:Set up simple imputation.
2023-08-11 12:32:29,990:INFO:Set up encoding of categorical features.
2023-08-11 12:33:07,846:INFO:PyCaret ClassificationExperiment
2023-08-11 12:33:07,847:INFO:Logging name: clf-default-name
2023-08-11 12:33:07,847:INFO:ML Usecase: MLUsecase.CLASSIFICATION
2023-08-11 12:33:07,847:INFO:version 3.0.0
2023-08-11 12:33:07,847:INFO:Initializing setup()
2023-08-11 12:33:07,847:INFO:self.USI: 61a1
2023-08-11 12:33:07,847:INFO:self._variable_keys: {'idx', 'fix_imbalance', 'fold_groups_param', 'fold_generator', 'exp_name_log', 'log_plots_param', 'html_param', 'X', 'y_test', 'n_jobs_param', '_available_plots', 'y_train', 'pipeline', 'gpu_param', 'USI', '_ml_usecase', 'X_train', 'X_test', 'is_multiclass', 'gpu_n_jobs_param', 'seed', 'y', 'fold_shuffle_param', 'target_param', 'logging_param', 'exp_id', 'memory', 'data'}
2023-08-11 12:33:07,847:INFO:Checking environment
2023-08-11 12:33:07,847:INFO:python_version: 3.9.16
2023-08-11 12:33:07,847:INFO:python_build: ('main', 'Feb  1 2023 21:38:11')
2023-08-11 12:33:07,847:INFO:machine: arm64
2023-08-11 12:33:07,847:INFO:platform: macOS-13.4.1-arm64-arm-64bit
2023-08-11 12:33:07,847:INFO:Memory: svmem(total=17179869184, available=3404595200, percent=80.2, used=6200164352, free=24936448, active=3395420160, inactive=3369418752, wired=2804744192)
2023-08-11 12:33:07,847:INFO:Physical Core: 10
2023-08-11 12:33:07,847:INFO:Logical Core: 10
2023-08-11 12:33:07,847:INFO:Checking libraries
2023-08-11 12:33:07,847:INFO:System:
2023-08-11 12:33:07,847:INFO:    python: 3.9.16 | packaged by conda-forge | (main, Feb  1 2023, 21:38:11)  [Clang 14.0.6 ]
2023-08-11 12:33:07,847:INFO:executable: /Users/a06411/opt/anaconda3/envs/pycaret/bin/python
2023-08-11 12:33:07,847:INFO:   machine: macOS-13.4.1-arm64-arm-64bit
2023-08-11 12:33:07,847:INFO:PyCaret required dependencies:
2023-08-11 12:33:07,847:INFO:                 pip: 23.2.1
2023-08-11 12:33:07,847:INFO:          setuptools: 68.0.0
2023-08-11 12:33:07,847:INFO:             pycaret: 3.0.0
2023-08-11 12:33:07,847:INFO:             IPython: 8.14.0
2023-08-11 12:33:07,847:INFO:          ipywidgets: 8.1.0
2023-08-11 12:33:07,847:INFO:                tqdm: 4.65.0
2023-08-11 12:33:07,847:INFO:               numpy: 1.25.2
2023-08-11 12:33:07,847:INFO:              pandas: 1.5.3
2023-08-11 12:33:07,847:INFO:              jinja2: 3.1.2
2023-08-11 12:33:07,847:INFO:               scipy: 1.11.1
2023-08-11 12:33:07,847:INFO:              joblib: 1.3.2
2023-08-11 12:33:07,847:INFO:             sklearn: 1.1.1
2023-08-11 12:33:07,847:INFO:                pyod: 1.0.9
2023-08-11 12:33:07,847:INFO:            imblearn: 0.9.1
2023-08-11 12:33:07,847:INFO:   category_encoders: 2.6.0
2023-08-11 12:33:07,847:INFO:            lightgbm: 4.0.0
2023-08-11 12:33:07,847:INFO:               numba: 0.57.0
2023-08-11 12:33:07,847:INFO:            requests: 2.31.0
2023-08-11 12:33:07,847:INFO:          matplotlib: 3.7.1
2023-08-11 12:33:07,847:INFO:          scikitplot: 0.3.7
2023-08-11 12:33:07,847:INFO:         yellowbrick: 1.5
2023-08-11 12:33:07,847:INFO:              plotly: 5.14.1
2023-08-11 12:33:07,847:INFO:             kaleido: 0.2.1
2023-08-11 12:33:07,847:INFO:         statsmodels: 0.13.5
2023-08-11 12:33:07,847:INFO:              sktime: 0.18.0
2023-08-11 12:33:07,847:INFO:               tbats: 1.1.3
2023-08-11 12:33:07,847:INFO:            pmdarima: 2.0.3
2023-08-11 12:33:07,847:INFO:              psutil: 5.9.5
2023-08-11 12:33:07,847:INFO:PyCaret optional dependencies:
2023-08-11 12:33:07,847:INFO:                shap: 0.41.0
2023-08-11 12:33:07,847:INFO:           interpret: Not installed
2023-08-11 12:33:07,847:INFO:                umap: Not installed
2023-08-11 12:33:07,847:INFO:    pandas_profiling: Not installed
2023-08-11 12:33:07,847:INFO:  explainerdashboard: Not installed
2023-08-11 12:33:07,847:INFO:             autoviz: Not installed
2023-08-11 12:33:07,847:INFO:           fairlearn: Not installed
2023-08-11 12:33:07,847:INFO:             xgboost: 1.7.6
2023-08-11 12:33:07,847:INFO:            catboost: 1.2
2023-08-11 12:33:07,847:INFO:              kmodes: Not installed
2023-08-11 12:33:07,847:INFO:             mlxtend: Not installed
2023-08-11 12:33:07,847:INFO:       statsforecast: Not installed
2023-08-11 12:33:07,847:INFO:        tune_sklearn: 0.4.6
2023-08-11 12:33:07,847:INFO:                 ray: 2.6.2
2023-08-11 12:33:07,847:INFO:            hyperopt: 0.2.7
2023-08-11 12:33:07,848:INFO:              optuna: 3.3.0
2023-08-11 12:33:07,848:INFO:               skopt: 0.9.0
2023-08-11 12:33:07,848:INFO:              mlflow: Not installed
2023-08-11 12:33:07,848:INFO:              gradio: Not installed
2023-08-11 12:33:07,848:INFO:             fastapi: Not installed
2023-08-11 12:33:07,848:INFO:             uvicorn: Not installed
2023-08-11 12:33:07,848:INFO:              m2cgen: Not installed
2023-08-11 12:33:07,848:INFO:           evidently: Not installed
2023-08-11 12:33:07,848:INFO:               fugue: Not installed
2023-08-11 12:33:07,848:INFO:           streamlit: Not installed
2023-08-11 12:33:07,848:INFO:             prophet: Not installed
2023-08-11 12:33:07,848:INFO:None
2023-08-11 12:33:07,848:INFO:Set up data.
2023-08-11 12:33:07,868:INFO:Set up train/test split.
2023-08-11 12:33:07,877:INFO:Set up index.
2023-08-11 12:33:07,877:INFO:Set up folding strategy.
2023-08-11 12:33:07,877:INFO:Assigning column types.
2023-08-11 12:33:07,882:INFO:Engine successfully changes for model 'lr' to 'sklearn'.
2023-08-11 12:33:07,902:INFO:Engine for model 'knn' has not been set explicitly, hence returning None.
2023-08-11 12:33:07,902:INFO:Engine for model 'rbfsvm' has not been set explicitly, hence returning None.
2023-08-11 12:33:07,914:INFO:Soft dependency imported: xgboost: 1.7.6
2023-08-11 12:33:07,915:INFO:Soft dependency imported: catboost: 1.2
2023-08-11 12:33:07,934:INFO:Engine for model 'knn' has not been set explicitly, hence returning None.
2023-08-11 12:33:07,934:INFO:Engine for model 'rbfsvm' has not been set explicitly, hence returning None.
2023-08-11 12:33:07,946:INFO:Soft dependency imported: xgboost: 1.7.6
2023-08-11 12:33:07,947:INFO:Soft dependency imported: catboost: 1.2
2023-08-11 12:33:07,947:INFO:Engine successfully changes for model 'knn' to 'sklearn'.
2023-08-11 12:33:07,966:INFO:Engine for model 'rbfsvm' has not been set explicitly, hence returning None.
2023-08-11 12:33:07,978:INFO:Soft dependency imported: xgboost: 1.7.6
2023-08-11 12:33:07,979:INFO:Soft dependency imported: catboost: 1.2
2023-08-11 12:33:07,998:INFO:Engine for model 'rbfsvm' has not been set explicitly, hence returning None.
2023-08-11 12:33:08,010:INFO:Soft dependency imported: xgboost: 1.7.6
2023-08-11 12:33:08,011:INFO:Soft dependency imported: catboost: 1.2
2023-08-11 12:33:08,011:INFO:Engine successfully changes for model 'rbfsvm' to 'sklearn'.
2023-08-11 12:33:08,042:INFO:Soft dependency imported: xgboost: 1.7.6
2023-08-11 12:33:08,043:INFO:Soft dependency imported: catboost: 1.2
2023-08-11 12:33:08,074:INFO:Soft dependency imported: xgboost: 1.7.6
2023-08-11 12:33:08,075:INFO:Soft dependency imported: catboost: 1.2
2023-08-11 12:33:08,076:INFO:Preparing preprocessing pipeline...
2023-08-11 12:33:08,077:INFO:Set up simple imputation.
2023-08-11 12:33:08,102:INFO:Finished creating preprocessing pipeline.
2023-08-11 12:33:08,105:INFO:Pipeline: Pipeline(memory=FastMemory(location=/var/folders/h4/44486vyn1_xbs13g1z50l5m00000gn/T/joblib),
         steps=[('numerical_imputer',
                 TransformerWrapper(exclude=None,
                                    include=['int_rate', 'dti', 'annual_inc',
                                             'mo_sin_old_rev_tl_op',
                                             'acc_open_past_24mths',
                                             'loan_amnt', 'emp_length',
                                             'addr_state', 'revol_bal', 'term',
                                             'sub_grade', 'funded_amnt_inv',
                                             'installment', 'purpose',
                                             '...
                                                              copy=True,
                                                              fill_value=None,
                                                              keep_empty_features=False,
                                                              missing_values=nan,
                                                              strategy='mean',
                                                              verbose='deprecated'))),
                ('categorical_imputer',
                 TransformerWrapper(exclude=None, include=[],
                                    transformer=SimpleImputer(add_indicator=False,
                                                              copy=True,
                                                              fill_value=None,
                                                              keep_empty_features=False,
                                                              missing_values=nan,
                                                              strategy='most_frequent',
                                                              verbose='deprecated')))],
         verbose=False)
2023-08-11 12:33:08,106:INFO:Creating final display dataframe.
2023-08-11 12:33:08,177:INFO:Setup _display_container:                     Description             Value
0                    Session id               664
1                        Target       loan_status
2                   Target type            Binary
3           Original data shape       (13980, 61)
4        Transformed data shape       (14916, 61)
5   Transformed train set shape       (10467, 61)
6    Transformed test set shape        (4449, 61)
7              Numeric features                60
8                    Preprocess              True
9               Imputation type            simple
10           Numeric imputation              mean
11       Categorical imputation              mode
12               Fold Generator   StratifiedKFold
13                  Fold Number                10
14                     CPU Jobs                -1
15                      Use GPU             False
16               Log Experiment             False
17              Experiment Name  clf-default-name
18                          USI              61a1
2023-08-11 12:33:08,214:INFO:Soft dependency imported: xgboost: 1.7.6
2023-08-11 12:33:08,216:INFO:Soft dependency imported: catboost: 1.2
2023-08-11 12:33:08,248:INFO:Soft dependency imported: xgboost: 1.7.6
2023-08-11 12:33:08,250:INFO:Soft dependency imported: catboost: 1.2
2023-08-11 12:33:08,250:INFO:setup() successfully completed in 0.7s...............
2023-08-11 12:33:55,899:INFO:Initializing compare_models()
2023-08-11 12:33:55,901:INFO:compare_models(self=<pycaret.classification.oop.ClassificationExperiment object at 0x2ba1253a0>, include=None, fold=3, round=4, cross_validation=True, sort=AUC, n_select=3, budget_time=None, turbo=True, errors=ignore, fit_kwargs=None, groups=None, experiment_custom_tags=None, probability_threshold=None, verbose=True, parallel=None, caller_params={'self': <pycaret.classification.oop.ClassificationExperiment object at 0x2ba1253a0>, 'include': None, 'exclude': None, 'fold': 3, 'round': 4, 'cross_validation': True, 'sort': 'AUC', 'n_select': 3, 'budget_time': None, 'turbo': True, 'errors': 'ignore', 'fit_kwargs': None, 'groups': None, 'experiment_custom_tags': None, 'probability_threshold': None, 'engine': None, 'verbose': True, 'parallel': None, '__class__': <class 'pycaret.classification.oop.ClassificationExperiment'>}, exclude=None)
2023-08-11 12:33:55,901:INFO:Checking exceptions
2023-08-11 12:33:55,925:INFO:Preparing display monitor
2023-08-11 12:33:55,954:INFO:Initializing Logistic Regression
2023-08-11 12:33:55,954:INFO:Total runtime is 5.30083974202474e-06 minutes
2023-08-11 12:33:55,956:INFO:SubProcess create_model() called ==================================
2023-08-11 12:33:55,957:INFO:Initializing create_model()
2023-08-11 12:33:55,957:INFO:create_model(self=<pycaret.classification.oop.ClassificationExperiment object at 0x2ba1253a0>, estimator=lr, fold=StratifiedKFold(n_splits=3, random_state=None, shuffle=False), round=4, cross_validation=True, predict=True, fit_kwargs={}, groups=None, refit=False, probability_threshold=None, experiment_custom_tags=None, verbose=False, system=False, add_to_model_list=True, metrics=None, display=<pycaret.internal.display.display.CommonDisplay object at 0x2b9cc7f70>, model_only=True, return_train_score=False, kwargs={})
2023-08-11 12:33:55,957:INFO:Checking exceptions
2023-08-11 12:33:55,957:INFO:Importing libraries
2023-08-11 12:33:55,957:INFO:Copying training dataset
2023-08-11 12:33:55,981:INFO:Defining folds
2023-08-11 12:33:55,981:INFO:Declaring metric variables
2023-08-11 12:33:55,983:INFO:Importing untrained model
2023-08-11 12:33:55,984:INFO:Logistic Regression Imported successfully
2023-08-11 12:33:55,987:INFO:Starting cross validation
2023-08-11 12:33:55,988:INFO:Cross validating with StratifiedKFold(n_splits=3, random_state=None, shuffle=False), n_jobs=-1
2023-08-11 12:33:58,686:WARNING:/Users/a06411/opt/anaconda3/envs/pycaret/lib/python3.9/site-packages/sklearn/linear_model/_logistic.py:458: ConvergenceWarning: lbfgs failed to converge (status=1):
STOP: TOTAL NO. of ITERATIONS REACHED LIMIT.

Increase the number of iterations (max_iter) or scale the data as shown in:
    https://scikit-learn.org/stable/modules/preprocessing.html
Please also refer to the documentation for alternative solver options:
    https://scikit-learn.org/stable/modules/linear_model.html#logistic-regression
  n_iter_i = _check_optimize_result(

2023-08-11 12:33:58,691:WARNING:/Users/a06411/opt/anaconda3/envs/pycaret/lib/python3.9/site-packages/sklearn/linear_model/_logistic.py:458: ConvergenceWarning: lbfgs failed to converge (status=1):
STOP: TOTAL NO. of ITERATIONS REACHED LIMIT.

Increase the number of iterations (max_iter) or scale the data as shown in:
    https://scikit-learn.org/stable/modules/preprocessing.html
Please also refer to the documentation for alternative solver options:
    https://scikit-learn.org/stable/modules/linear_model.html#logistic-regression
  n_iter_i = _check_optimize_result(

2023-08-11 12:33:58,692:WARNING:/Users/a06411/opt/anaconda3/envs/pycaret/lib/python3.9/site-packages/sklearn/linear_model/_logistic.py:458: ConvergenceWarning: lbfgs failed to converge (status=1):
STOP: TOTAL NO. of ITERATIONS REACHED LIMIT.

Increase the number of iterations (max_iter) or scale the data as shown in:
    https://scikit-learn.org/stable/modules/preprocessing.html
Please also refer to the documentation for alternative solver options:
    https://scikit-learn.org/stable/modules/linear_model.html#logistic-regression
  n_iter_i = _check_optimize_result(

2023-08-11 12:33:59,337:INFO:Calculating mean and std
2023-08-11 12:33:59,338:INFO:Creating metrics dataframe
2023-08-11 12:33:59,561:INFO:Uploading results into container
2023-08-11 12:33:59,562:INFO:Uploading model into container now
2023-08-11 12:33:59,562:INFO:_master_model_container: 1
2023-08-11 12:33:59,562:INFO:_display_container: 2
2023-08-11 12:33:59,563:INFO:LogisticRegression(C=1.0, class_weight=None, dual=False, fit_intercept=True,
                   intercept_scaling=1, l1_ratio=None, max_iter=1000,
                   multi_class='auto', n_jobs=None, penalty='l2',
                   random_state=664, solver='lbfgs', tol=0.0001, verbose=0,
                   warm_start=False)
2023-08-11 12:33:59,563:INFO:create_model() successfully completed......................................
2023-08-11 12:33:59,641:INFO:SubProcess create_model() end ==================================
2023-08-11 12:33:59,642:INFO:Creating metrics dataframe
2023-08-11 12:33:59,645:INFO:Initializing K Neighbors Classifier
2023-08-11 12:33:59,646:INFO:Total runtime is 0.06152318318684896 minutes
2023-08-11 12:33:59,647:INFO:SubProcess create_model() called ==================================
2023-08-11 12:33:59,647:INFO:Initializing create_model()
2023-08-11 12:33:59,647:INFO:create_model(self=<pycaret.classification.oop.ClassificationExperiment object at 0x2ba1253a0>, estimator=knn, fold=StratifiedKFold(n_splits=3, random_state=None, shuffle=False), round=4, cross_validation=True, predict=True, fit_kwargs={}, groups=None, refit=False, probability_threshold=None, experiment_custom_tags=None, verbose=False, system=False, add_to_model_list=True, metrics=None, display=<pycaret.internal.display.display.CommonDisplay object at 0x2b9cc7f70>, model_only=True, return_train_score=False, kwargs={})
2023-08-11 12:33:59,647:INFO:Checking exceptions
2023-08-11 12:33:59,647:INFO:Importing libraries
2023-08-11 12:33:59,647:INFO:Copying training dataset
2023-08-11 12:33:59,667:INFO:Defining folds
2023-08-11 12:33:59,667:INFO:Declaring metric variables
2023-08-11 12:33:59,669:INFO:Importing untrained model
2023-08-11 12:33:59,671:INFO:K Neighbors Classifier Imported successfully
2023-08-11 12:33:59,674:INFO:Starting cross validation
2023-08-11 12:33:59,674:INFO:Cross validating with StratifiedKFold(n_splits=3, random_state=None, shuffle=False), n_jobs=-1
2023-08-11 12:34:01,634:INFO:Calculating mean and std
2023-08-11 12:34:01,635:INFO:Creating metrics dataframe
2023-08-11 12:34:01,877:INFO:Uploading results into container
2023-08-11 12:34:01,877:INFO:Uploading model into container now
2023-08-11 12:34:01,878:INFO:_master_model_container: 2
2023-08-11 12:34:01,878:INFO:_display_container: 2
2023-08-11 12:34:01,878:INFO:KNeighborsClassifier(algorithm='auto', leaf_size=30, metric='minkowski',
                     metric_params=None, n_jobs=-1, n_neighbors=5, p=2,
                     weights='uniform')
2023-08-11 12:34:01,878:INFO:create_model() successfully completed......................................
2023-08-11 12:34:01,951:INFO:SubProcess create_model() end ==================================
2023-08-11 12:34:01,951:INFO:Creating metrics dataframe
2023-08-11 12:34:01,955:INFO:Initializing Naive Bayes
2023-08-11 12:34:01,956:INFO:Total runtime is 0.10002501408259074 minutes
2023-08-11 12:34:01,957:INFO:SubProcess create_model() called ==================================
2023-08-11 12:34:01,957:INFO:Initializing create_model()
2023-08-11 12:34:01,957:INFO:create_model(self=<pycaret.classification.oop.ClassificationExperiment object at 0x2ba1253a0>, estimator=nb, fold=StratifiedKFold(n_splits=3, random_state=None, shuffle=False), round=4, cross_validation=True, predict=True, fit_kwargs={}, groups=None, refit=False, probability_threshold=None, experiment_custom_tags=None, verbose=False, system=False, add_to_model_list=True, metrics=None, display=<pycaret.internal.display.display.CommonDisplay object at 0x2b9cc7f70>, model_only=True, return_train_score=False, kwargs={})
2023-08-11 12:34:01,957:INFO:Checking exceptions
2023-08-11 12:34:01,957:INFO:Importing libraries
2023-08-11 12:34:01,957:INFO:Copying training dataset
2023-08-11 12:34:01,978:INFO:Defining folds
2023-08-11 12:34:01,978:INFO:Declaring metric variables
2023-08-11 12:34:01,980:INFO:Importing untrained model
2023-08-11 12:34:01,982:INFO:Naive Bayes Imported successfully
2023-08-11 12:34:01,985:INFO:Starting cross validation
2023-08-11 12:34:01,985:INFO:Cross validating with StratifiedKFold(n_splits=3, random_state=None, shuffle=False), n_jobs=-1
2023-08-11 12:34:03,870:INFO:Calculating mean and std
2023-08-11 12:34:03,871:INFO:Creating metrics dataframe
2023-08-11 12:34:04,102:INFO:Uploading results into container
2023-08-11 12:34:04,102:INFO:Uploading model into container now
2023-08-11 12:34:04,103:INFO:_master_model_container: 3
2023-08-11 12:34:04,103:INFO:_display_container: 2
2023-08-11 12:34:04,103:INFO:GaussianNB(priors=None, var_smoothing=1e-09)
2023-08-11 12:34:04,103:INFO:create_model() successfully completed......................................
2023-08-11 12:34:04,172:INFO:SubProcess create_model() end ==================================
2023-08-11 12:34:04,172:INFO:Creating metrics dataframe
2023-08-11 12:34:04,177:INFO:Initializing Decision Tree Classifier
2023-08-11 12:34:04,177:INFO:Total runtime is 0.13704373439153034 minutes
2023-08-11 12:34:04,178:INFO:SubProcess create_model() called ==================================
2023-08-11 12:34:04,178:INFO:Initializing create_model()
2023-08-11 12:34:04,179:INFO:create_model(self=<pycaret.classification.oop.ClassificationExperiment object at 0x2ba1253a0>, estimator=dt, fold=StratifiedKFold(n_splits=3, random_state=None, shuffle=False), round=4, cross_validation=True, predict=True, fit_kwargs={}, groups=None, refit=False, probability_threshold=None, experiment_custom_tags=None, verbose=False, system=False, add_to_model_list=True, metrics=None, display=<pycaret.internal.display.display.CommonDisplay object at 0x2b9cc7f70>, model_only=True, return_train_score=False, kwargs={})
2023-08-11 12:34:04,179:INFO:Checking exceptions
2023-08-11 12:34:04,179:INFO:Importing libraries
2023-08-11 12:34:04,179:INFO:Copying training dataset
2023-08-11 12:34:04,198:INFO:Defining folds
2023-08-11 12:34:04,198:INFO:Declaring metric variables
2023-08-11 12:34:04,199:INFO:Importing untrained model
2023-08-11 12:34:04,202:INFO:Decision Tree Classifier Imported successfully
2023-08-11 12:34:04,206:INFO:Starting cross validation
2023-08-11 12:34:04,207:INFO:Cross validating with StratifiedKFold(n_splits=3, random_state=None, shuffle=False), n_jobs=-1
2023-08-11 12:34:05,805:INFO:Calculating mean and std
2023-08-11 12:34:05,806:INFO:Creating metrics dataframe
2023-08-11 12:34:06,035:INFO:Uploading results into container
2023-08-11 12:34:06,036:INFO:Uploading model into container now
2023-08-11 12:34:06,036:INFO:_master_model_container: 4
2023-08-11 12:34:06,036:INFO:_display_container: 2
2023-08-11 12:34:06,036:INFO:DecisionTreeClassifier(ccp_alpha=0.0, class_weight=None, criterion='gini',
                       max_depth=None, max_features=None, max_leaf_nodes=None,
                       min_impurity_decrease=0.0, min_samples_leaf=1,
                       min_samples_split=2, min_weight_fraction_leaf=0.0,
                       random_state=664, splitter='best')
2023-08-11 12:34:06,036:INFO:create_model() successfully completed......................................
2023-08-11 12:34:06,110:INFO:SubProcess create_model() end ==================================
2023-08-11 12:34:06,110:INFO:Creating metrics dataframe
2023-08-11 12:34:06,114:INFO:Initializing SVM - Linear Kernel
2023-08-11 12:34:06,115:INFO:Total runtime is 0.16934086481730143 minutes
2023-08-11 12:34:06,116:INFO:SubProcess create_model() called ==================================
2023-08-11 12:34:06,116:INFO:Initializing create_model()
2023-08-11 12:34:06,116:INFO:create_model(self=<pycaret.classification.oop.ClassificationExperiment object at 0x2ba1253a0>, estimator=svm, fold=StratifiedKFold(n_splits=3, random_state=None, shuffle=False), round=4, cross_validation=True, predict=True, fit_kwargs={}, groups=None, refit=False, probability_threshold=None, experiment_custom_tags=None, verbose=False, system=False, add_to_model_list=True, metrics=None, display=<pycaret.internal.display.display.CommonDisplay object at 0x2b9cc7f70>, model_only=True, return_train_score=False, kwargs={})
2023-08-11 12:34:06,116:INFO:Checking exceptions
2023-08-11 12:34:06,116:INFO:Importing libraries
2023-08-11 12:34:06,116:INFO:Copying training dataset
2023-08-11 12:34:06,133:INFO:Defining folds
2023-08-11 12:34:06,133:INFO:Declaring metric variables
2023-08-11 12:34:06,135:INFO:Importing untrained model
2023-08-11 12:34:06,136:INFO:SVM - Linear Kernel Imported successfully
2023-08-11 12:34:06,139:INFO:Starting cross validation
2023-08-11 12:34:06,140:INFO:Cross validating with StratifiedKFold(n_splits=3, random_state=None, shuffle=False), n_jobs=-1
2023-08-11 12:34:06,229:WARNING:/Users/a06411/opt/anaconda3/envs/pycaret/lib/python3.9/site-packages/pycaret/internal/metrics.py:138: FitFailedWarning: Metric 'make_scorer(roc_auc_score, needs_proba=True, error_score=0.0, average=weighted, multi_class=ovr)' failed and error score 0.0 has been returned instead. If this is a custom metric, this usually means that the error is in the metric code. Full exception below:
Traceback (most recent call last):
  File "/Users/a06411/opt/anaconda3/envs/pycaret/lib/python3.9/site-packages/sklearn/metrics/_scorer.py", line 75, in _cached_call
    return cache[method]
KeyError: 'predict_proba'

During handling of the above exception, another exception occurred:

Traceback (most recent call last):
  File "/Users/a06411/opt/anaconda3/envs/pycaret/lib/python3.9/site-packages/pycaret/internal/metrics.py", line 130, in _score
    return super()._score(
  File "/Users/a06411/opt/anaconda3/envs/pycaret/lib/python3.9/site-packages/sklearn/metrics/_scorer.py", line 302, in _score
    y_pred = method_caller(clf, "predict_proba", X)
  File "/Users/a06411/opt/anaconda3/envs/pycaret/lib/python3.9/site-packages/sklearn/metrics/_scorer.py", line 77, in _cached_call
    result = getattr(estimator, method)(*args, **kwargs)
  File "/Users/a06411/opt/anaconda3/envs/pycaret/lib/python3.9/site-packages/pycaret/internal/pipeline.py", line 121, in __getattr__
    return getattr(self._final_estimator, name)
  File "/Users/a06411/opt/anaconda3/envs/pycaret/lib/python3.9/site-packages/sklearn/utils/_available_if.py", line 32, in __get__
    if not self.check(obj):
  File "/Users/a06411/opt/anaconda3/envs/pycaret/lib/python3.9/site-packages/sklearn/linear_model/_stochastic_gradient.py", line 1238, in _check_proba
    raise AttributeError(
AttributeError: probability estimates are not available for loss='hinge'

  warnings.warn(

2023-08-11 12:34:06,248:WARNING:/Users/a06411/opt/anaconda3/envs/pycaret/lib/python3.9/site-packages/pycaret/internal/metrics.py:138: FitFailedWarning: Metric 'make_scorer(roc_auc_score, needs_proba=True, error_score=0.0, average=weighted, multi_class=ovr)' failed and error score 0.0 has been returned instead. If this is a custom metric, this usually means that the error is in the metric code. Full exception below:
Traceback (most recent call last):
  File "/Users/a06411/opt/anaconda3/envs/pycaret/lib/python3.9/site-packages/sklearn/metrics/_scorer.py", line 75, in _cached_call
    return cache[method]
KeyError: 'predict_proba'

During handling of the above exception, another exception occurred:

Traceback (most recent call last):
  File "/Users/a06411/opt/anaconda3/envs/pycaret/lib/python3.9/site-packages/pycaret/internal/metrics.py", line 130, in _score
    return super()._score(
  File "/Users/a06411/opt/anaconda3/envs/pycaret/lib/python3.9/site-packages/sklearn/metrics/_scorer.py", line 302, in _score
    y_pred = method_caller(clf, "predict_proba", X)
  File "/Users/a06411/opt/anaconda3/envs/pycaret/lib/python3.9/site-packages/sklearn/metrics/_scorer.py", line 77, in _cached_call
    result = getattr(estimator, method)(*args, **kwargs)
  File "/Users/a06411/opt/anaconda3/envs/pycaret/lib/python3.9/site-packages/pycaret/internal/pipeline.py", line 121, in __getattr__
    return getattr(self._final_estimator, name)
  File "/Users/a06411/opt/anaconda3/envs/pycaret/lib/python3.9/site-packages/sklearn/utils/_available_if.py", line 32, in __get__
    if not self.check(obj):
  File "/Users/a06411/opt/anaconda3/envs/pycaret/lib/python3.9/site-packages/sklearn/linear_model/_stochastic_gradient.py", line 1238, in _check_proba
    raise AttributeError(
AttributeError: probability estimates are not available for loss='hinge'

  warnings.warn(

2023-08-11 12:34:07,376:WARNING:/Users/a06411/opt/anaconda3/envs/pycaret/lib/python3.9/site-packages/pycaret/internal/metrics.py:138: FitFailedWarning: Metric 'make_scorer(roc_auc_score, needs_proba=True, error_score=0.0, average=weighted, multi_class=ovr)' failed and error score 0.0 has been returned instead. If this is a custom metric, this usually means that the error is in the metric code. Full exception below:
Traceback (most recent call last):
  File "/Users/a06411/opt/anaconda3/envs/pycaret/lib/python3.9/site-packages/sklearn/metrics/_scorer.py", line 75, in _cached_call
    return cache[method]
KeyError: 'predict_proba'

During handling of the above exception, another exception occurred:

Traceback (most recent call last):
  File "/Users/a06411/opt/anaconda3/envs/pycaret/lib/python3.9/site-packages/pycaret/internal/metrics.py", line 130, in _score
    return super()._score(
  File "/Users/a06411/opt/anaconda3/envs/pycaret/lib/python3.9/site-packages/sklearn/metrics/_scorer.py", line 302, in _score
    y_pred = method_caller(clf, "predict_proba", X)
  File "/Users/a06411/opt/anaconda3/envs/pycaret/lib/python3.9/site-packages/sklearn/metrics/_scorer.py", line 77, in _cached_call
    result = getattr(estimator, method)(*args, **kwargs)
  File "/Users/a06411/opt/anaconda3/envs/pycaret/lib/python3.9/site-packages/pycaret/internal/pipeline.py", line 121, in __getattr__
    return getattr(self._final_estimator, name)
  File "/Users/a06411/opt/anaconda3/envs/pycaret/lib/python3.9/site-packages/sklearn/utils/_available_if.py", line 32, in __get__
    if not self.check(obj):
  File "/Users/a06411/opt/anaconda3/envs/pycaret/lib/python3.9/site-packages/sklearn/linear_model/_stochastic_gradient.py", line 1238, in _check_proba
    raise AttributeError(
AttributeError: probability estimates are not available for loss='hinge'

  warnings.warn(

2023-08-11 12:34:07,383:INFO:Calculating mean and std
2023-08-11 12:34:07,384:INFO:Creating metrics dataframe
2023-08-11 12:34:07,638:INFO:Uploading results into container
2023-08-11 12:34:07,638:INFO:Uploading model into container now
2023-08-11 12:34:07,639:INFO:_master_model_container: 5
2023-08-11 12:34:07,639:INFO:_display_container: 2
2023-08-11 12:34:07,639:INFO:SGDClassifier(alpha=0.0001, average=False, class_weight=None,
              early_stopping=False, epsilon=0.1, eta0=0.001, fit_intercept=True,
              l1_ratio=0.15, learning_rate='optimal', loss='hinge',
              max_iter=1000, n_iter_no_change=5, n_jobs=-1, penalty='l2',
              power_t=0.5, random_state=664, shuffle=True, tol=0.001,
              validation_fraction=0.1, verbose=0, warm_start=False)
2023-08-11 12:34:07,639:INFO:create_model() successfully completed......................................
2023-08-11 12:34:07,710:INFO:SubProcess create_model() end ==================================
2023-08-11 12:34:07,710:INFO:Creating metrics dataframe
2023-08-11 12:34:07,715:INFO:Initializing Ridge Classifier
2023-08-11 12:34:07,715:INFO:Total runtime is 0.1960166335105896 minutes
2023-08-11 12:34:07,717:INFO:SubProcess create_model() called ==================================
2023-08-11 12:34:07,717:INFO:Initializing create_model()
2023-08-11 12:34:07,717:INFO:create_model(self=<pycaret.classification.oop.ClassificationExperiment object at 0x2ba1253a0>, estimator=ridge, fold=StratifiedKFold(n_splits=3, random_state=None, shuffle=False), round=4, cross_validation=True, predict=True, fit_kwargs={}, groups=None, refit=False, probability_threshold=None, experiment_custom_tags=None, verbose=False, system=False, add_to_model_list=True, metrics=None, display=<pycaret.internal.display.display.CommonDisplay object at 0x2b9cc7f70>, model_only=True, return_train_score=False, kwargs={})
2023-08-11 12:34:07,717:INFO:Checking exceptions
2023-08-11 12:34:07,717:INFO:Importing libraries
2023-08-11 12:34:07,717:INFO:Copying training dataset
2023-08-11 12:34:07,735:INFO:Defining folds
2023-08-11 12:34:07,735:INFO:Declaring metric variables
2023-08-11 12:34:07,737:INFO:Importing untrained model
2023-08-11 12:34:07,738:INFO:Ridge Classifier Imported successfully
2023-08-11 12:34:07,742:INFO:Starting cross validation
2023-08-11 12:34:07,743:INFO:Cross validating with StratifiedKFold(n_splits=3, random_state=None, shuffle=False), n_jobs=-1
2023-08-11 12:34:07,790:WARNING:/Users/a06411/opt/anaconda3/envs/pycaret/lib/python3.9/site-packages/sklearn/linear_model/_ridge.py:216: LinAlgWarning: Ill-conditioned matrix (rcond=6.0896e-15): result may not be accurate.
  return linalg.solve(A, Xy, assume_a="pos", overwrite_a=True).T

2023-08-11 12:34:07,790:WARNING:/Users/a06411/opt/anaconda3/envs/pycaret/lib/python3.9/site-packages/sklearn/linear_model/_ridge.py:216: LinAlgWarning: Ill-conditioned matrix (rcond=1.34535e-14): result may not be accurate.
  return linalg.solve(A, Xy, assume_a="pos", overwrite_a=True).T

2023-08-11 12:34:07,790:WARNING:/Users/a06411/opt/anaconda3/envs/pycaret/lib/python3.9/site-packages/sklearn/linear_model/_ridge.py:216: LinAlgWarning: Ill-conditioned matrix (rcond=8.22487e-15): result may not be accurate.
  return linalg.solve(A, Xy, assume_a="pos", overwrite_a=True).T

2023-08-11 12:34:07,800:WARNING:/Users/a06411/opt/anaconda3/envs/pycaret/lib/python3.9/site-packages/pycaret/internal/metrics.py:138: FitFailedWarning: Metric 'make_scorer(roc_auc_score, needs_proba=True, error_score=0.0, average=weighted, multi_class=ovr)' failed and error score 0.0 has been returned instead. If this is a custom metric, this usually means that the error is in the metric code. Full exception below:
Traceback (most recent call last):
  File "/Users/a06411/opt/anaconda3/envs/pycaret/lib/python3.9/site-packages/sklearn/metrics/_scorer.py", line 75, in _cached_call
    return cache[method]
KeyError: 'predict_proba'

During handling of the above exception, another exception occurred:

Traceback (most recent call last):
  File "/Users/a06411/opt/anaconda3/envs/pycaret/lib/python3.9/site-packages/pycaret/internal/metrics.py", line 130, in _score
    return super()._score(
  File "/Users/a06411/opt/anaconda3/envs/pycaret/lib/python3.9/site-packages/sklearn/metrics/_scorer.py", line 302, in _score
    y_pred = method_caller(clf, "predict_proba", X)
  File "/Users/a06411/opt/anaconda3/envs/pycaret/lib/python3.9/site-packages/sklearn/metrics/_scorer.py", line 77, in _cached_call
    result = getattr(estimator, method)(*args, **kwargs)
  File "/Users/a06411/opt/anaconda3/envs/pycaret/lib/python3.9/site-packages/pycaret/internal/pipeline.py", line 121, in __getattr__
    return getattr(self._final_estimator, name)
AttributeError: 'RidgeClassifier' object has no attribute 'predict_proba'

  warnings.warn(

2023-08-11 12:34:07,801:WARNING:/Users/a06411/opt/anaconda3/envs/pycaret/lib/python3.9/site-packages/pycaret/internal/metrics.py:138: FitFailedWarning: Metric 'make_scorer(roc_auc_score, needs_proba=True, error_score=0.0, average=weighted, multi_class=ovr)' failed and error score 0.0 has been returned instead. If this is a custom metric, this usually means that the error is in the metric code. Full exception below:
Traceback (most recent call last):
  File "/Users/a06411/opt/anaconda3/envs/pycaret/lib/python3.9/site-packages/sklearn/metrics/_scorer.py", line 75, in _cached_call
    return cache[method]
KeyError: 'predict_proba'

During handling of the above exception, another exception occurred:

Traceback (most recent call last):
  File "/Users/a06411/opt/anaconda3/envs/pycaret/lib/python3.9/site-packages/pycaret/internal/metrics.py", line 130, in _score
    return super()._score(
  File "/Users/a06411/opt/anaconda3/envs/pycaret/lib/python3.9/site-packages/sklearn/metrics/_scorer.py", line 302, in _score
    y_pred = method_caller(clf, "predict_proba", X)
  File "/Users/a06411/opt/anaconda3/envs/pycaret/lib/python3.9/site-packages/sklearn/metrics/_scorer.py", line 77, in _cached_call
    result = getattr(estimator, method)(*args, **kwargs)
  File "/Users/a06411/opt/anaconda3/envs/pycaret/lib/python3.9/site-packages/pycaret/internal/pipeline.py", line 121, in __getattr__
    return getattr(self._final_estimator, name)
AttributeError: 'RidgeClassifier' object has no attribute 'predict_proba'

  warnings.warn(

2023-08-11 12:34:07,801:WARNING:/Users/a06411/opt/anaconda3/envs/pycaret/lib/python3.9/site-packages/pycaret/internal/metrics.py:138: FitFailedWarning: Metric 'make_scorer(roc_auc_score, needs_proba=True, error_score=0.0, average=weighted, multi_class=ovr)' failed and error score 0.0 has been returned instead. If this is a custom metric, this usually means that the error is in the metric code. Full exception below:
Traceback (most recent call last):
  File "/Users/a06411/opt/anaconda3/envs/pycaret/lib/python3.9/site-packages/sklearn/metrics/_scorer.py", line 75, in _cached_call
    return cache[method]
KeyError: 'predict_proba'

During handling of the above exception, another exception occurred:

Traceback (most recent call last):
  File "/Users/a06411/opt/anaconda3/envs/pycaret/lib/python3.9/site-packages/pycaret/internal/metrics.py", line 130, in _score
    return super()._score(
  File "/Users/a06411/opt/anaconda3/envs/pycaret/lib/python3.9/site-packages/sklearn/metrics/_scorer.py", line 302, in _score
    y_pred = method_caller(clf, "predict_proba", X)
  File "/Users/a06411/opt/anaconda3/envs/pycaret/lib/python3.9/site-packages/sklearn/metrics/_scorer.py", line 77, in _cached_call
    result = getattr(estimator, method)(*args, **kwargs)
  File "/Users/a06411/opt/anaconda3/envs/pycaret/lib/python3.9/site-packages/pycaret/internal/pipeline.py", line 121, in __getattr__
    return getattr(self._final_estimator, name)
AttributeError: 'RidgeClassifier' object has no attribute 'predict_proba'

  warnings.warn(

2023-08-11 12:34:08,389:INFO:Calculating mean and std
2023-08-11 12:34:08,389:INFO:Creating metrics dataframe
2023-08-11 12:34:08,605:INFO:Uploading results into container
2023-08-11 12:34:08,605:INFO:Uploading model into container now
2023-08-11 12:34:08,606:INFO:_master_model_container: 6
2023-08-11 12:34:08,606:INFO:_display_container: 2
2023-08-11 12:34:08,606:INFO:RidgeClassifier(alpha=1.0, class_weight=None, copy_X=True, fit_intercept=True,
                max_iter=None, positive=False, random_state=664, solver='auto',
                tol=0.0001)
2023-08-11 12:34:08,606:INFO:create_model() successfully completed......................................
2023-08-11 12:34:08,672:INFO:SubProcess create_model() end ==================================
2023-08-11 12:34:08,672:INFO:Creating metrics dataframe
2023-08-11 12:34:08,677:INFO:Initializing Random Forest Classifier
2023-08-11 12:34:08,677:INFO:Total runtime is 0.21204291582107543 minutes
2023-08-11 12:34:08,678:INFO:SubProcess create_model() called ==================================
2023-08-11 12:34:08,678:INFO:Initializing create_model()
2023-08-11 12:34:08,678:INFO:create_model(self=<pycaret.classification.oop.ClassificationExperiment object at 0x2ba1253a0>, estimator=rf, fold=StratifiedKFold(n_splits=3, random_state=None, shuffle=False), round=4, cross_validation=True, predict=True, fit_kwargs={}, groups=None, refit=False, probability_threshold=None, experiment_custom_tags=None, verbose=False, system=False, add_to_model_list=True, metrics=None, display=<pycaret.internal.display.display.CommonDisplay object at 0x2b9cc7f70>, model_only=True, return_train_score=False, kwargs={})
2023-08-11 12:34:08,678:INFO:Checking exceptions
2023-08-11 12:34:08,678:INFO:Importing libraries
2023-08-11 12:34:08,678:INFO:Copying training dataset
2023-08-11 12:34:08,695:INFO:Defining folds
2023-08-11 12:34:08,695:INFO:Declaring metric variables
2023-08-11 12:34:08,697:INFO:Importing untrained model
2023-08-11 12:34:08,698:INFO:Random Forest Classifier Imported successfully
2023-08-11 12:34:08,700:INFO:Starting cross validation
2023-08-11 12:34:08,701:INFO:Cross validating with StratifiedKFold(n_splits=3, random_state=None, shuffle=False), n_jobs=-1
2023-08-11 12:34:10,038:INFO:Calculating mean and std
2023-08-11 12:34:10,039:INFO:Creating metrics dataframe
2023-08-11 12:34:10,252:INFO:Uploading results into container
2023-08-11 12:34:10,253:INFO:Uploading model into container now
2023-08-11 12:34:10,253:INFO:_master_model_container: 7
2023-08-11 12:34:10,253:INFO:_display_container: 2
2023-08-11 12:34:10,253:INFO:RandomForestClassifier(bootstrap=True, ccp_alpha=0.0, class_weight=None,
                       criterion='gini', max_depth=None, max_features='sqrt',
                       max_leaf_nodes=None, max_samples=None,
                       min_impurity_decrease=0.0, min_samples_leaf=1,
                       min_samples_split=2, min_weight_fraction_leaf=0.0,
                       n_estimators=100, n_jobs=-1, oob_score=False,
                       random_state=664, verbose=0, warm_start=False)
2023-08-11 12:34:10,253:INFO:create_model() successfully completed......................................
2023-08-11 12:34:10,319:INFO:SubProcess create_model() end ==================================
2023-08-11 12:34:10,320:INFO:Creating metrics dataframe
2023-08-11 12:34:10,324:INFO:Initializing Quadratic Discriminant Analysis
2023-08-11 12:34:10,324:INFO:Total runtime is 0.23950631618499754 minutes
2023-08-11 12:34:10,326:INFO:SubProcess create_model() called ==================================
2023-08-11 12:34:10,326:INFO:Initializing create_model()
2023-08-11 12:34:10,326:INFO:create_model(self=<pycaret.classification.oop.ClassificationExperiment object at 0x2ba1253a0>, estimator=qda, fold=StratifiedKFold(n_splits=3, random_state=None, shuffle=False), round=4, cross_validation=True, predict=True, fit_kwargs={}, groups=None, refit=False, probability_threshold=None, experiment_custom_tags=None, verbose=False, system=False, add_to_model_list=True, metrics=None, display=<pycaret.internal.display.display.CommonDisplay object at 0x2b9cc7f70>, model_only=True, return_train_score=False, kwargs={})
2023-08-11 12:34:10,326:INFO:Checking exceptions
2023-08-11 12:34:10,326:INFO:Importing libraries
2023-08-11 12:34:10,326:INFO:Copying training dataset
2023-08-11 12:34:10,343:INFO:Defining folds
2023-08-11 12:34:10,343:INFO:Declaring metric variables
2023-08-11 12:34:10,345:INFO:Importing untrained model
2023-08-11 12:34:10,346:INFO:Quadratic Discriminant Analysis Imported successfully
2023-08-11 12:34:10,348:INFO:Starting cross validation
2023-08-11 12:34:10,349:INFO:Cross validating with StratifiedKFold(n_splits=3, random_state=None, shuffle=False), n_jobs=-1
2023-08-11 12:34:10,397:WARNING:/Users/a06411/opt/anaconda3/envs/pycaret/lib/python3.9/site-packages/sklearn/discriminant_analysis.py:926: UserWarning: Variables are collinear
  warnings.warn("Variables are collinear")

2023-08-11 12:34:10,397:WARNING:/Users/a06411/opt/anaconda3/envs/pycaret/lib/python3.9/site-packages/sklearn/discriminant_analysis.py:926: UserWarning: Variables are collinear
  warnings.warn("Variables are collinear")

2023-08-11 12:34:10,398:WARNING:/Users/a06411/opt/anaconda3/envs/pycaret/lib/python3.9/site-packages/sklearn/discriminant_analysis.py:926: UserWarning: Variables are collinear
  warnings.warn("Variables are collinear")

2023-08-11 12:34:10,997:INFO:Calculating mean and std
2023-08-11 12:34:10,997:INFO:Creating metrics dataframe
2023-08-11 12:34:11,214:INFO:Uploading results into container
2023-08-11 12:34:11,214:INFO:Uploading model into container now
2023-08-11 12:34:11,214:INFO:_master_model_container: 8
2023-08-11 12:34:11,214:INFO:_display_container: 2
2023-08-11 12:34:11,215:INFO:QuadraticDiscriminantAnalysis(priors=None, reg_param=0.0,
                              store_covariance=False, tol=0.0001)
2023-08-11 12:34:11,215:INFO:create_model() successfully completed......................................
2023-08-11 12:34:11,281:INFO:SubProcess create_model() end ==================================
2023-08-11 12:34:11,281:INFO:Creating metrics dataframe
2023-08-11 12:34:11,286:INFO:Initializing Ada Boost Classifier
2023-08-11 12:34:11,286:INFO:Total runtime is 0.2555285692214966 minutes
2023-08-11 12:34:11,287:INFO:SubProcess create_model() called ==================================
2023-08-11 12:34:11,287:INFO:Initializing create_model()
2023-08-11 12:34:11,287:INFO:create_model(self=<pycaret.classification.oop.ClassificationExperiment object at 0x2ba1253a0>, estimator=ada, fold=StratifiedKFold(n_splits=3, random_state=None, shuffle=False), round=4, cross_validation=True, predict=True, fit_kwargs={}, groups=None, refit=False, probability_threshold=None, experiment_custom_tags=None, verbose=False, system=False, add_to_model_list=True, metrics=None, display=<pycaret.internal.display.display.CommonDisplay object at 0x2b9cc7f70>, model_only=True, return_train_score=False, kwargs={})
2023-08-11 12:34:11,287:INFO:Checking exceptions
2023-08-11 12:34:11,287:INFO:Importing libraries
2023-08-11 12:34:11,287:INFO:Copying training dataset
2023-08-11 12:34:11,305:INFO:Defining folds
2023-08-11 12:34:11,305:INFO:Declaring metric variables
2023-08-11 12:34:11,307:INFO:Importing untrained model
2023-08-11 12:34:11,308:INFO:Ada Boost Classifier Imported successfully
2023-08-11 12:34:11,310:INFO:Starting cross validation
2023-08-11 12:34:11,311:INFO:Cross validating with StratifiedKFold(n_splits=3, random_state=None, shuffle=False), n_jobs=-1
2023-08-11 12:34:13,468:INFO:Calculating mean and std
2023-08-11 12:34:13,468:INFO:Creating metrics dataframe
2023-08-11 12:34:13,700:INFO:Uploading results into container
2023-08-11 12:34:13,701:INFO:Uploading model into container now
2023-08-11 12:34:13,701:INFO:_master_model_container: 9
2023-08-11 12:34:13,701:INFO:_display_container: 2
2023-08-11 12:34:13,701:INFO:AdaBoostClassifier(algorithm='SAMME.R', base_estimator='deprecated',
                   estimator=None, learning_rate=1.0, n_estimators=50,
                   random_state=664)
2023-08-11 12:34:13,701:INFO:create_model() successfully completed......................................
2023-08-11 12:34:13,768:INFO:SubProcess create_model() end ==================================
2023-08-11 12:34:13,768:INFO:Creating metrics dataframe
2023-08-11 12:34:13,773:INFO:Initializing Gradient Boosting Classifier
2023-08-11 12:34:13,773:INFO:Total runtime is 0.2969841678937276 minutes
2023-08-11 12:34:13,774:INFO:SubProcess create_model() called ==================================
2023-08-11 12:34:13,775:INFO:Initializing create_model()
2023-08-11 12:34:13,775:INFO:create_model(self=<pycaret.classification.oop.ClassificationExperiment object at 0x2ba1253a0>, estimator=gbc, fold=StratifiedKFold(n_splits=3, random_state=None, shuffle=False), round=4, cross_validation=True, predict=True, fit_kwargs={}, groups=None, refit=False, probability_threshold=None, experiment_custom_tags=None, verbose=False, system=False, add_to_model_list=True, metrics=None, display=<pycaret.internal.display.display.CommonDisplay object at 0x2b9cc7f70>, model_only=True, return_train_score=False, kwargs={})
2023-08-11 12:34:13,775:INFO:Checking exceptions
2023-08-11 12:34:13,775:INFO:Importing libraries
2023-08-11 12:34:13,775:INFO:Copying training dataset
2023-08-11 12:34:13,791:INFO:Defining folds
2023-08-11 12:34:13,791:INFO:Declaring metric variables
2023-08-11 12:34:13,792:INFO:Importing untrained model
2023-08-11 12:34:13,794:INFO:Gradient Boosting Classifier Imported successfully
2023-08-11 12:34:13,796:INFO:Starting cross validation
2023-08-11 12:34:13,796:INFO:Cross validating with StratifiedKFold(n_splits=3, random_state=None, shuffle=False), n_jobs=-1
2023-08-11 12:34:18,387:INFO:Calculating mean and std
2023-08-11 12:34:18,388:INFO:Creating metrics dataframe
2023-08-11 12:34:18,623:INFO:Uploading results into container
2023-08-11 12:34:18,623:INFO:Uploading model into container now
2023-08-11 12:34:18,623:INFO:_master_model_container: 10
2023-08-11 12:34:18,623:INFO:_display_container: 2
2023-08-11 12:34:18,624:INFO:GradientBoostingClassifier(ccp_alpha=0.0, criterion='friedman_mse', init=None,
                           learning_rate=0.1, loss='log_loss', max_depth=3,
                           max_features=None, max_leaf_nodes=None,
                           min_impurity_decrease=0.0, min_samples_leaf=1,
                           min_samples_split=2, min_weight_fraction_leaf=0.0,
                           n_estimators=100, n_iter_no_change=None,
                           random_state=664, subsample=1.0, tol=0.0001,
                           validation_fraction=0.1, verbose=0,
                           warm_start=False)
2023-08-11 12:34:18,624:INFO:create_model() successfully completed......................................
2023-08-11 12:34:18,693:INFO:SubProcess create_model() end ==================================
2023-08-11 12:34:18,693:INFO:Creating metrics dataframe
2023-08-11 12:34:18,699:INFO:Initializing Linear Discriminant Analysis
2023-08-11 12:34:18,699:INFO:Total runtime is 0.3790748794873555 minutes
2023-08-11 12:34:18,700:INFO:SubProcess create_model() called ==================================
2023-08-11 12:34:18,700:INFO:Initializing create_model()
2023-08-11 12:34:18,700:INFO:create_model(self=<pycaret.classification.oop.ClassificationExperiment object at 0x2ba1253a0>, estimator=lda, fold=StratifiedKFold(n_splits=3, random_state=None, shuffle=False), round=4, cross_validation=True, predict=True, fit_kwargs={}, groups=None, refit=False, probability_threshold=None, experiment_custom_tags=None, verbose=False, system=False, add_to_model_list=True, metrics=None, display=<pycaret.internal.display.display.CommonDisplay object at 0x2b9cc7f70>, model_only=True, return_train_score=False, kwargs={})
2023-08-11 12:34:18,700:INFO:Checking exceptions
2023-08-11 12:34:18,700:INFO:Importing libraries
2023-08-11 12:34:18,700:INFO:Copying training dataset
2023-08-11 12:34:18,717:INFO:Defining folds
2023-08-11 12:34:18,718:INFO:Declaring metric variables
2023-08-11 12:34:18,719:INFO:Importing untrained model
2023-08-11 12:34:18,720:INFO:Linear Discriminant Analysis Imported successfully
2023-08-11 12:34:18,723:INFO:Starting cross validation
2023-08-11 12:34:18,724:INFO:Cross validating with StratifiedKFold(n_splits=3, random_state=None, shuffle=False), n_jobs=-1
2023-08-11 12:34:19,432:INFO:Calculating mean and std
2023-08-11 12:34:19,433:INFO:Creating metrics dataframe
2023-08-11 12:34:19,653:INFO:Uploading results into container
2023-08-11 12:34:19,653:INFO:Uploading model into container now
2023-08-11 12:34:19,653:INFO:_master_model_container: 11
2023-08-11 12:34:19,654:INFO:_display_container: 2
2023-08-11 12:34:19,654:INFO:LinearDiscriminantAnalysis(covariance_estimator=None, n_components=None,
                           priors=None, shrinkage=None, solver='svd',
                           store_covariance=False, tol=0.0001)
2023-08-11 12:34:19,654:INFO:create_model() successfully completed......................................
2023-08-11 12:34:19,722:INFO:SubProcess create_model() end ==================================
2023-08-11 12:34:19,723:INFO:Creating metrics dataframe
2023-08-11 12:34:19,728:INFO:Initializing Extra Trees Classifier
2023-08-11 12:34:19,728:INFO:Total runtime is 0.3962259968121846 minutes
2023-08-11 12:34:19,729:INFO:SubProcess create_model() called ==================================
2023-08-11 12:34:19,729:INFO:Initializing create_model()
2023-08-11 12:34:19,729:INFO:create_model(self=<pycaret.classification.oop.ClassificationExperiment object at 0x2ba1253a0>, estimator=et, fold=StratifiedKFold(n_splits=3, random_state=None, shuffle=False), round=4, cross_validation=True, predict=True, fit_kwargs={}, groups=None, refit=False, probability_threshold=None, experiment_custom_tags=None, verbose=False, system=False, add_to_model_list=True, metrics=None, display=<pycaret.internal.display.display.CommonDisplay object at 0x2b9cc7f70>, model_only=True, return_train_score=False, kwargs={})
2023-08-11 12:34:19,729:INFO:Checking exceptions
2023-08-11 12:34:19,729:INFO:Importing libraries
2023-08-11 12:34:19,729:INFO:Copying training dataset
2023-08-11 12:34:19,749:INFO:Defining folds
2023-08-11 12:34:19,749:INFO:Declaring metric variables
2023-08-11 12:34:19,750:INFO:Importing untrained model
2023-08-11 12:34:19,752:INFO:Extra Trees Classifier Imported successfully
2023-08-11 12:34:19,755:INFO:Starting cross validation
2023-08-11 12:34:19,755:INFO:Cross validating with StratifiedKFold(n_splits=3, random_state=None, shuffle=False), n_jobs=-1
2023-08-11 12:34:21,016:INFO:Calculating mean and std
2023-08-11 12:34:21,017:INFO:Creating metrics dataframe
2023-08-11 12:34:21,242:INFO:Uploading results into container
2023-08-11 12:34:21,243:INFO:Uploading model into container now
2023-08-11 12:34:21,243:INFO:_master_model_container: 12
2023-08-11 12:34:21,243:INFO:_display_container: 2
2023-08-11 12:34:21,243:INFO:ExtraTreesClassifier(bootstrap=False, ccp_alpha=0.0, class_weight=None,
                     criterion='gini', max_depth=None, max_features='sqrt',
                     max_leaf_nodes=None, max_samples=None,
                     min_impurity_decrease=0.0, min_samples_leaf=1,
                     min_samples_split=2, min_weight_fraction_leaf=0.0,
                     n_estimators=100, n_jobs=-1, oob_score=False,
                     random_state=664, verbose=0, warm_start=False)
2023-08-11 12:34:21,243:INFO:create_model() successfully completed......................................
2023-08-11 12:34:21,322:INFO:SubProcess create_model() end ==================================
2023-08-11 12:34:21,322:INFO:Creating metrics dataframe
2023-08-11 12:34:21,328:INFO:Initializing Extreme Gradient Boosting
2023-08-11 12:34:21,328:INFO:Total runtime is 0.42289247910181677 minutes
2023-08-11 12:34:21,329:INFO:SubProcess create_model() called ==================================
2023-08-11 12:34:21,329:INFO:Initializing create_model()
2023-08-11 12:34:21,330:INFO:create_model(self=<pycaret.classification.oop.ClassificationExperiment object at 0x2ba1253a0>, estimator=xgboost, fold=StratifiedKFold(n_splits=3, random_state=None, shuffle=False), round=4, cross_validation=True, predict=True, fit_kwargs={}, groups=None, refit=False, probability_threshold=None, experiment_custom_tags=None, verbose=False, system=False, add_to_model_list=True, metrics=None, display=<pycaret.internal.display.display.CommonDisplay object at 0x2b9cc7f70>, model_only=True, return_train_score=False, kwargs={})
2023-08-11 12:34:21,330:INFO:Checking exceptions
2023-08-11 12:34:21,330:INFO:Importing libraries
2023-08-11 12:34:21,330:INFO:Copying training dataset
2023-08-11 12:34:21,350:INFO:Defining folds
2023-08-11 12:34:21,350:INFO:Declaring metric variables
2023-08-11 12:34:21,352:INFO:Importing untrained model
2023-08-11 12:34:21,354:INFO:Extreme Gradient Boosting Imported successfully
2023-08-11 12:34:21,356:INFO:Starting cross validation
2023-08-11 12:34:21,357:INFO:Cross validating with StratifiedKFold(n_splits=3, random_state=None, shuffle=False), n_jobs=-1
2023-08-11 12:34:23,964:INFO:Calculating mean and std
2023-08-11 12:34:23,964:INFO:Creating metrics dataframe
2023-08-11 12:34:24,187:INFO:Uploading results into container
2023-08-11 12:34:24,188:INFO:Uploading model into container now
2023-08-11 12:34:24,188:INFO:_master_model_container: 13
2023-08-11 12:34:24,188:INFO:_display_container: 2
2023-08-11 12:34:24,188:INFO:XGBClassifier(base_score=None, booster='gbtree', callbacks=None,
              colsample_bylevel=None, colsample_bynode=None,
              colsample_bytree=None, early_stopping_rounds=None,
              enable_categorical=False, eval_metric=None, feature_types=None,
              gamma=None, gpu_id=None, grow_policy=None, importance_type=None,
              interaction_constraints=None, learning_rate=None, max_bin=None,
              max_cat_threshold=None, max_cat_to_onehot=None,
              max_delta_step=None, max_depth=None, max_leaves=None,
              min_child_weight=None, missing=nan, monotone_constraints=None,
              n_estimators=100, n_jobs=-1, num_parallel_tree=None,
              objective='binary:logistic', predictor=None, ...)
2023-08-11 12:34:24,189:INFO:create_model() successfully completed......................................
2023-08-11 12:34:24,267:INFO:SubProcess create_model() end ==================================
2023-08-11 12:34:24,267:INFO:Creating metrics dataframe
2023-08-11 12:34:24,273:INFO:Initializing Light Gradient Boosting Machine
2023-08-11 12:34:24,274:INFO:Total runtime is 0.47199001709620153 minutes
2023-08-11 12:34:24,275:INFO:SubProcess create_model() called ==================================
2023-08-11 12:34:24,275:INFO:Initializing create_model()
2023-08-11 12:34:24,275:INFO:create_model(self=<pycaret.classification.oop.ClassificationExperiment object at 0x2ba1253a0>, estimator=lightgbm, fold=StratifiedKFold(n_splits=3, random_state=None, shuffle=False), round=4, cross_validation=True, predict=True, fit_kwargs={}, groups=None, refit=False, probability_threshold=None, experiment_custom_tags=None, verbose=False, system=False, add_to_model_list=True, metrics=None, display=<pycaret.internal.display.display.CommonDisplay object at 0x2b9cc7f70>, model_only=True, return_train_score=False, kwargs={})
2023-08-11 12:34:24,275:INFO:Checking exceptions
2023-08-11 12:34:24,275:INFO:Importing libraries
2023-08-11 12:34:24,275:INFO:Copying training dataset
2023-08-11 12:34:24,295:INFO:Defining folds
2023-08-11 12:34:24,296:INFO:Declaring metric variables
2023-08-11 12:34:24,297:INFO:Importing untrained model
2023-08-11 12:34:24,299:INFO:Light Gradient Boosting Machine Imported successfully
2023-08-11 12:34:24,303:INFO:Starting cross validation
2023-08-11 12:34:24,303:INFO:Cross validating with StratifiedKFold(n_splits=3, random_state=None, shuffle=False), n_jobs=-1
2023-08-11 12:34:26,474:INFO:Calculating mean and std
2023-08-11 12:34:26,475:INFO:Creating metrics dataframe
2023-08-11 12:34:26,706:INFO:Uploading results into container
2023-08-11 12:34:26,706:INFO:Uploading model into container now
2023-08-11 12:34:26,707:INFO:_master_model_container: 14
2023-08-11 12:34:26,707:INFO:_display_container: 2
2023-08-11 12:34:26,707:INFO:LGBMClassifier(boosting_type='gbdt', class_weight=None, colsample_bytree=1.0,
               importance_type='split', learning_rate=0.1, max_depth=-1,
               min_child_samples=20, min_child_weight=0.001, min_split_gain=0.0,
               n_estimators=100, n_jobs=-1, num_leaves=31, objective=None,
               random_state=664, reg_alpha=0.0, reg_lambda=0.0, subsample=1.0,
               subsample_for_bin=200000, subsample_freq=0)
2023-08-11 12:34:26,707:INFO:create_model() successfully completed......................................
2023-08-11 12:34:26,775:INFO:SubProcess create_model() end ==================================
2023-08-11 12:34:26,775:INFO:Creating metrics dataframe
2023-08-11 12:34:26,781:INFO:Initializing CatBoost Classifier
2023-08-11 12:34:26,781:INFO:Total runtime is 0.5137752850850422 minutes
2023-08-11 12:34:26,782:INFO:SubProcess create_model() called ==================================
2023-08-11 12:34:26,782:INFO:Initializing create_model()
2023-08-11 12:34:26,782:INFO:create_model(self=<pycaret.classification.oop.ClassificationExperiment object at 0x2ba1253a0>, estimator=catboost, fold=StratifiedKFold(n_splits=3, random_state=None, shuffle=False), round=4, cross_validation=True, predict=True, fit_kwargs={}, groups=None, refit=False, probability_threshold=None, experiment_custom_tags=None, verbose=False, system=False, add_to_model_list=True, metrics=None, display=<pycaret.internal.display.display.CommonDisplay object at 0x2b9cc7f70>, model_only=True, return_train_score=False, kwargs={})
2023-08-11 12:34:26,782:INFO:Checking exceptions
2023-08-11 12:34:26,782:INFO:Importing libraries
2023-08-11 12:34:26,782:INFO:Copying training dataset
2023-08-11 12:34:26,800:INFO:Defining folds
2023-08-11 12:34:26,800:INFO:Declaring metric variables
2023-08-11 12:34:26,803:INFO:Importing untrained model
2023-08-11 12:34:26,804:INFO:CatBoost Classifier Imported successfully
2023-08-11 12:34:26,807:INFO:Starting cross validation
2023-08-11 12:34:26,808:INFO:Cross validating with StratifiedKFold(n_splits=3, random_state=None, shuffle=False), n_jobs=-1
2023-08-11 12:34:31,809:INFO:Calculating mean and std
2023-08-11 12:34:31,810:INFO:Creating metrics dataframe
2023-08-11 12:34:32,036:INFO:Uploading results into container
2023-08-11 12:34:32,037:INFO:Uploading model into container now
2023-08-11 12:34:32,037:INFO:_master_model_container: 15
2023-08-11 12:34:32,037:INFO:_display_container: 2
2023-08-11 12:34:32,037:INFO:<catboost.core.CatBoostClassifier object at 0x17699e280>
2023-08-11 12:34:32,037:INFO:create_model() successfully completed......................................
2023-08-11 12:34:32,110:INFO:SubProcess create_model() end ==================================
2023-08-11 12:34:32,110:INFO:Creating metrics dataframe
2023-08-11 12:34:32,117:INFO:Initializing Dummy Classifier
2023-08-11 12:34:32,117:INFO:Total runtime is 0.6027177810668944 minutes
2023-08-11 12:34:32,119:INFO:SubProcess create_model() called ==================================
2023-08-11 12:34:32,119:INFO:Initializing create_model()
2023-08-11 12:34:32,119:INFO:create_model(self=<pycaret.classification.oop.ClassificationExperiment object at 0x2ba1253a0>, estimator=dummy, fold=StratifiedKFold(n_splits=3, random_state=None, shuffle=False), round=4, cross_validation=True, predict=True, fit_kwargs={}, groups=None, refit=False, probability_threshold=None, experiment_custom_tags=None, verbose=False, system=False, add_to_model_list=True, metrics=None, display=<pycaret.internal.display.display.CommonDisplay object at 0x2b9cc7f70>, model_only=True, return_train_score=False, kwargs={})
2023-08-11 12:34:32,119:INFO:Checking exceptions
2023-08-11 12:34:32,119:INFO:Importing libraries
2023-08-11 12:34:32,119:INFO:Copying training dataset
2023-08-11 12:34:32,139:INFO:Defining folds
2023-08-11 12:34:32,140:INFO:Declaring metric variables
2023-08-11 12:34:32,141:INFO:Importing untrained model
2023-08-11 12:34:32,143:INFO:Dummy Classifier Imported successfully
2023-08-11 12:34:32,147:INFO:Starting cross validation
2023-08-11 12:34:32,147:INFO:Cross validating with StratifiedKFold(n_splits=3, random_state=None, shuffle=False), n_jobs=-1
2023-08-11 12:34:32,207:WARNING:/Users/a06411/opt/anaconda3/envs/pycaret/lib/python3.9/site-packages/sklearn/metrics/_classification.py:1344: UndefinedMetricWarning: Precision is ill-defined and being set to 0.0 due to no predicted samples. Use `zero_division` parameter to control this behavior.
  _warn_prf(average, modifier, msg_start, len(result))

2023-08-11 12:34:32,207:WARNING:/Users/a06411/opt/anaconda3/envs/pycaret/lib/python3.9/site-packages/sklearn/metrics/_classification.py:1344: UndefinedMetricWarning: Precision is ill-defined and being set to 0.0 due to no predicted samples. Use `zero_division` parameter to control this behavior.
  _warn_prf(average, modifier, msg_start, len(result))

2023-08-11 12:34:32,243:WARNING:/Users/a06411/opt/anaconda3/envs/pycaret/lib/python3.9/site-packages/sklearn/metrics/_classification.py:1344: UndefinedMetricWarning: Precision is ill-defined and being set to 0.0 due to no predicted samples. Use `zero_division` parameter to control this behavior.
  _warn_prf(average, modifier, msg_start, len(result))

2023-08-11 12:34:32,795:INFO:Calculating mean and std
2023-08-11 12:34:32,796:INFO:Creating metrics dataframe
2023-08-11 12:34:33,052:INFO:Uploading results into container
2023-08-11 12:34:33,052:INFO:Uploading model into container now
2023-08-11 12:34:33,052:INFO:_master_model_container: 16
2023-08-11 12:34:33,052:INFO:_display_container: 2
2023-08-11 12:34:33,053:INFO:DummyClassifier(constant=None, random_state=664, strategy='prior')
2023-08-11 12:34:33,053:INFO:create_model() successfully completed......................................
2023-08-11 12:34:33,119:INFO:SubProcess create_model() end ==================================
2023-08-11 12:34:33,120:INFO:Creating metrics dataframe
2023-08-11 12:34:33,130:INFO:Initializing create_model()
2023-08-11 12:34:33,130:INFO:create_model(self=<pycaret.classification.oop.ClassificationExperiment object at 0x2ba1253a0>, estimator=ExtraTreesClassifier(bootstrap=False, ccp_alpha=0.0, class_weight=None,
                     criterion='gini', max_depth=None, max_features='sqrt',
                     max_leaf_nodes=None, max_samples=None,
                     min_impurity_decrease=0.0, min_samples_leaf=1,
                     min_samples_split=2, min_weight_fraction_leaf=0.0,
                     n_estimators=100, n_jobs=-1, oob_score=False,
                     random_state=664, verbose=0, warm_start=False), fold=StratifiedKFold(n_splits=3, random_state=None, shuffle=False), round=4, cross_validation=False, predict=False, fit_kwargs={}, groups=None, refit=True, probability_threshold=None, experiment_custom_tags=None, verbose=False, system=False, add_to_model_list=True, metrics=None, display=None, model_only=True, return_train_score=False, kwargs={})
2023-08-11 12:34:33,130:INFO:Checking exceptions
2023-08-11 12:34:33,131:INFO:Importing libraries
2023-08-11 12:34:33,131:INFO:Copying training dataset
2023-08-11 12:34:33,150:INFO:Defining folds
2023-08-11 12:34:33,150:INFO:Declaring metric variables
2023-08-11 12:34:33,150:INFO:Importing untrained model
2023-08-11 12:34:33,150:INFO:Declaring custom model
2023-08-11 12:34:33,150:INFO:Extra Trees Classifier Imported successfully
2023-08-11 12:34:33,151:INFO:Cross validation set to False
2023-08-11 12:34:33,151:INFO:Fitting Model
2023-08-11 12:34:33,622:INFO:ExtraTreesClassifier(bootstrap=False, ccp_alpha=0.0, class_weight=None,
                     criterion='gini', max_depth=None, max_features='sqrt',
                     max_leaf_nodes=None, max_samples=None,
                     min_impurity_decrease=0.0, min_samples_leaf=1,
                     min_samples_split=2, min_weight_fraction_leaf=0.0,
                     n_estimators=100, n_jobs=-1, oob_score=False,
                     random_state=664, verbose=0, warm_start=False)
2023-08-11 12:34:33,622:INFO:create_model() successfully completed......................................
2023-08-11 12:34:33,695:INFO:Initializing create_model()
2023-08-11 12:34:33,695:INFO:create_model(self=<pycaret.classification.oop.ClassificationExperiment object at 0x2ba1253a0>, estimator=<catboost.core.CatBoostClassifier object at 0x17699e280>, fold=StratifiedKFold(n_splits=3, random_state=None, shuffle=False), round=4, cross_validation=False, predict=False, fit_kwargs={}, groups=None, refit=True, probability_threshold=None, experiment_custom_tags=None, verbose=False, system=False, add_to_model_list=True, metrics=None, display=None, model_only=True, return_train_score=False, kwargs={})
2023-08-11 12:34:33,695:INFO:Checking exceptions
2023-08-11 12:34:33,695:INFO:Importing libraries
2023-08-11 12:34:33,696:INFO:Copying training dataset
2023-08-11 12:34:33,714:INFO:Defining folds
2023-08-11 12:34:33,714:INFO:Declaring metric variables
2023-08-11 12:34:33,714:INFO:Importing untrained model
2023-08-11 12:34:33,714:INFO:Declaring custom model
2023-08-11 12:34:33,714:INFO:CatBoost Classifier Imported successfully
2023-08-11 12:34:33,715:INFO:Cross validation set to False
2023-08-11 12:34:33,715:INFO:Fitting Model
2023-08-11 12:34:37,787:INFO:<catboost.core.CatBoostClassifier object at 0x2bbf1f130>
2023-08-11 12:34:37,787:INFO:create_model() successfully completed......................................
2023-08-11 12:34:37,858:INFO:Initializing create_model()
2023-08-11 12:34:37,858:INFO:create_model(self=<pycaret.classification.oop.ClassificationExperiment object at 0x2ba1253a0>, estimator=RandomForestClassifier(bootstrap=True, ccp_alpha=0.0, class_weight=None,
                       criterion='gini', max_depth=None, max_features='sqrt',
                       max_leaf_nodes=None, max_samples=None,
                       min_impurity_decrease=0.0, min_samples_leaf=1,
                       min_samples_split=2, min_weight_fraction_leaf=0.0,
                       n_estimators=100, n_jobs=-1, oob_score=False,
                       random_state=664, verbose=0, warm_start=False), fold=StratifiedKFold(n_splits=3, random_state=None, shuffle=False), round=4, cross_validation=False, predict=False, fit_kwargs={}, groups=None, refit=True, probability_threshold=None, experiment_custom_tags=None, verbose=False, system=False, add_to_model_list=True, metrics=None, display=None, model_only=True, return_train_score=False, kwargs={})
2023-08-11 12:34:37,859:INFO:Checking exceptions
2023-08-11 12:34:37,860:INFO:Importing libraries
2023-08-11 12:34:37,860:INFO:Copying training dataset
2023-08-11 12:34:37,878:INFO:Defining folds
2023-08-11 12:34:37,879:INFO:Declaring metric variables
2023-08-11 12:34:37,879:INFO:Importing untrained model
2023-08-11 12:34:37,879:INFO:Declaring custom model
2023-08-11 12:34:37,879:INFO:Random Forest Classifier Imported successfully
2023-08-11 12:34:37,879:INFO:Cross validation set to False
2023-08-11 12:34:37,879:INFO:Fitting Model
2023-08-11 12:34:38,538:INFO:RandomForestClassifier(bootstrap=True, ccp_alpha=0.0, class_weight=None,
                       criterion='gini', max_depth=None, max_features='sqrt',
                       max_leaf_nodes=None, max_samples=None,
                       min_impurity_decrease=0.0, min_samples_leaf=1,
                       min_samples_split=2, min_weight_fraction_leaf=0.0,
                       n_estimators=100, n_jobs=-1, oob_score=False,
                       random_state=664, verbose=0, warm_start=False)
2023-08-11 12:34:38,538:INFO:create_model() successfully completed......................................
2023-08-11 12:34:38,620:INFO:_master_model_container: 16
2023-08-11 12:34:38,621:INFO:_display_container: 2
2023-08-11 12:34:38,621:INFO:[ExtraTreesClassifier(bootstrap=False, ccp_alpha=0.0, class_weight=None,
                     criterion='gini', max_depth=None, max_features='sqrt',
                     max_leaf_nodes=None, max_samples=None,
                     min_impurity_decrease=0.0, min_samples_leaf=1,
                     min_samples_split=2, min_weight_fraction_leaf=0.0,
                     n_estimators=100, n_jobs=-1, oob_score=False,
                     random_state=664, verbose=0, warm_start=False), <catboost.core.CatBoostClassifier object at 0x2bbf1f130>, RandomForestClassifier(bootstrap=True, ccp_alpha=0.0, class_weight=None,
                       criterion='gini', max_depth=None, max_features='sqrt',
                       max_leaf_nodes=None, max_samples=None,
                       min_impurity_decrease=0.0, min_samples_leaf=1,
                       min_samples_split=2, min_weight_fraction_leaf=0.0,
                       n_estimators=100, n_jobs=-1, oob_score=False,
                       random_state=664, verbose=0, warm_start=False)]
2023-08-11 12:34:38,621:INFO:compare_models() successfully completed......................................
2023-08-11 12:41:32,069:INFO:Initializing create_model()
2023-08-11 12:41:32,074:INFO:create_model(self=<pycaret.classification.oop.ClassificationExperiment object at 0x2ba1253a0>, estimator=dt, fold=None, round=4, cross_validation=True, predict=True, fit_kwargs=None, groups=None, refit=True, probability_threshold=None, experiment_custom_tags=None, verbose=True, system=True, add_to_model_list=True, metrics=None, display=None, model_only=True, return_train_score=False, kwargs={})
2023-08-11 12:41:32,075:INFO:Checking exceptions
2023-08-11 12:41:32,100:INFO:Importing libraries
2023-08-11 12:41:32,100:INFO:Copying training dataset
2023-08-11 12:41:32,125:INFO:Defining folds
2023-08-11 12:41:32,126:INFO:Declaring metric variables
2023-08-11 12:41:32,127:INFO:Importing untrained model
2023-08-11 12:41:32,129:INFO:Decision Tree Classifier Imported successfully
2023-08-11 12:41:32,133:INFO:Starting cross validation
2023-08-11 12:41:32,134:INFO:Cross validating with StratifiedKFold(n_splits=10, random_state=None, shuffle=False), n_jobs=-1
2023-08-11 12:41:37,265:INFO:Calculating mean and std
2023-08-11 12:41:37,266:INFO:Creating metrics dataframe
2023-08-11 12:41:37,270:INFO:Finalizing model
2023-08-11 12:41:37,876:INFO:Uploading results into container
2023-08-11 12:41:37,876:INFO:Uploading model into container now
2023-08-11 12:41:37,881:INFO:_master_model_container: 17
2023-08-11 12:41:37,881:INFO:_display_container: 3
2023-08-11 12:41:37,882:INFO:DecisionTreeClassifier(ccp_alpha=0.0, class_weight=None, criterion='gini',
                       max_depth=None, max_features=None, max_leaf_nodes=None,
                       min_impurity_decrease=0.0, min_samples_leaf=1,
                       min_samples_split=2, min_weight_fraction_leaf=0.0,
                       random_state=664, splitter='best')
2023-08-11 12:41:37,882:INFO:create_model() successfully completed......................................
2023-08-11 12:41:46,039:INFO:Initializing tune_model()
2023-08-11 12:41:46,041:INFO:tune_model(estimator=DecisionTreeClassifier(ccp_alpha=0.0, class_weight=None, criterion='gini',
                       max_depth=None, max_features=None, max_leaf_nodes=None,
                       min_impurity_decrease=0.0, min_samples_leaf=1,
                       min_samples_split=2, min_weight_fraction_leaf=0.0,
                       random_state=664, splitter='best'), fold=None, round=4, n_iter=10, custom_grid=None, optimize=Accuracy, custom_scorer=None, search_library=scikit-learn, search_algorithm=None, early_stopping=False, early_stopping_max_iters=10, choose_better=True, fit_kwargs=None, groups=None, return_tuner=False, verbose=True, tuner_verbose=True, return_train_score=False, kwargs={}, self=<pycaret.classification.oop.ClassificationExperiment object at 0x2ba1253a0>)
2023-08-11 12:41:46,041:INFO:Checking exceptions
2023-08-11 12:41:46,067:INFO:Copying training dataset
2023-08-11 12:41:46,084:INFO:Checking base model
2023-08-11 12:41:46,084:INFO:Base model : Decision Tree Classifier
2023-08-11 12:41:46,086:INFO:Declaring metric variables
2023-08-11 12:41:46,088:INFO:Defining Hyperparameters
2023-08-11 12:41:46,161:INFO:Tuning with n_jobs=-1
2023-08-11 12:41:46,161:INFO:Initializing RandomizedSearchCV
2023-08-11 12:42:10,991:INFO:best_params: {'actual_estimator__min_samples_split': 2, 'actual_estimator__min_samples_leaf': 2, 'actual_estimator__min_impurity_decrease': 0.0005, 'actual_estimator__max_features': 1.0, 'actual_estimator__max_depth': 5, 'actual_estimator__criterion': 'entropy'}
2023-08-11 12:42:10,993:INFO:Hyperparameter search completed
2023-08-11 12:42:10,993:INFO:SubProcess create_model() called ==================================
2023-08-11 12:42:10,993:INFO:Initializing create_model()
2023-08-11 12:42:10,993:INFO:create_model(self=<pycaret.classification.oop.ClassificationExperiment object at 0x2ba1253a0>, estimator=DecisionTreeClassifier(ccp_alpha=0.0, class_weight=None, criterion='gini',
                       max_depth=None, max_features=None, max_leaf_nodes=None,
                       min_impurity_decrease=0.0, min_samples_leaf=1,
                       min_samples_split=2, min_weight_fraction_leaf=0.0,
                       random_state=664, splitter='best'), fold=StratifiedKFold(n_splits=10, random_state=None, shuffle=False), round=4, cross_validation=True, predict=True, fit_kwargs={}, groups=None, refit=True, probability_threshold=None, experiment_custom_tags=None, verbose=True, system=False, add_to_model_list=True, metrics=None, display=<pycaret.internal.display.display.CommonDisplay object at 0x2bbd2af40>, model_only=True, return_train_score=False, kwargs={'min_samples_split': 2, 'min_samples_leaf': 2, 'min_impurity_decrease': 0.0005, 'max_features': 1.0, 'max_depth': 5, 'criterion': 'entropy'})
2023-08-11 12:42:10,994:INFO:Checking exceptions
2023-08-11 12:42:10,994:INFO:Importing libraries
2023-08-11 12:42:10,994:INFO:Copying training dataset
2023-08-11 12:42:11,011:INFO:Defining folds
2023-08-11 12:42:11,011:INFO:Declaring metric variables
2023-08-11 12:42:11,013:INFO:Importing untrained model
2023-08-11 12:42:11,013:INFO:Declaring custom model
2023-08-11 12:42:11,014:INFO:Decision Tree Classifier Imported successfully
2023-08-11 12:42:11,017:INFO:Starting cross validation
2023-08-11 12:42:11,017:INFO:Cross validating with StratifiedKFold(n_splits=10, random_state=None, shuffle=False), n_jobs=-1
2023-08-11 12:42:13,699:INFO:Calculating mean and std
2023-08-11 12:42:13,700:INFO:Creating metrics dataframe
2023-08-11 12:42:13,703:INFO:Finalizing model
2023-08-11 12:42:14,065:INFO:Uploading results into container
2023-08-11 12:42:14,066:INFO:Uploading model into container now
2023-08-11 12:42:14,066:INFO:_master_model_container: 18
2023-08-11 12:42:14,066:INFO:_display_container: 4
2023-08-11 12:42:14,066:INFO:DecisionTreeClassifier(ccp_alpha=0.0, class_weight=None, criterion='entropy',
                       max_depth=5, max_features=1.0, max_leaf_nodes=None,
                       min_impurity_decrease=0.0005, min_samples_leaf=2,
                       min_samples_split=2, min_weight_fraction_leaf=0.0,
                       random_state=664, splitter='best')
2023-08-11 12:42:14,066:INFO:create_model() successfully completed......................................
2023-08-11 12:42:14,147:INFO:SubProcess create_model() end ==================================
2023-08-11 12:42:14,147:INFO:choose_better activated
2023-08-11 12:42:14,148:INFO:SubProcess create_model() called ==================================
2023-08-11 12:42:14,149:INFO:Initializing create_model()
2023-08-11 12:42:14,149:INFO:create_model(self=<pycaret.classification.oop.ClassificationExperiment object at 0x2ba1253a0>, estimator=DecisionTreeClassifier(ccp_alpha=0.0, class_weight=None, criterion='gini',
                       max_depth=None, max_features=None, max_leaf_nodes=None,
                       min_impurity_decrease=0.0, min_samples_leaf=1,
                       min_samples_split=2, min_weight_fraction_leaf=0.0,
                       random_state=664, splitter='best'), fold=StratifiedKFold(n_splits=10, random_state=None, shuffle=False), round=4, cross_validation=True, predict=True, fit_kwargs={}, groups=None, refit=True, probability_threshold=None, experiment_custom_tags=None, verbose=False, system=False, add_to_model_list=True, metrics=None, display=None, model_only=True, return_train_score=False, kwargs={})
2023-08-11 12:42:14,149:INFO:Checking exceptions
2023-08-11 12:42:14,149:INFO:Importing libraries
2023-08-11 12:42:14,150:INFO:Copying training dataset
2023-08-11 12:42:14,169:INFO:Defining folds
2023-08-11 12:42:14,169:INFO:Declaring metric variables
2023-08-11 12:42:14,169:INFO:Importing untrained model
2023-08-11 12:42:14,169:INFO:Declaring custom model
2023-08-11 12:42:14,169:INFO:Decision Tree Classifier Imported successfully
2023-08-11 12:42:14,170:INFO:Starting cross validation
2023-08-11 12:42:14,170:INFO:Cross validating with StratifiedKFold(n_splits=10, random_state=None, shuffle=False), n_jobs=-1
2023-08-11 12:42:16,970:INFO:Calculating mean and std
2023-08-11 12:42:16,970:INFO:Creating metrics dataframe
2023-08-11 12:42:16,971:INFO:Finalizing model
2023-08-11 12:42:17,229:INFO:Uploading results into container
2023-08-11 12:42:17,230:INFO:Uploading model into container now
2023-08-11 12:42:17,230:INFO:_master_model_container: 19
2023-08-11 12:42:17,230:INFO:_display_container: 5
2023-08-11 12:42:17,230:INFO:DecisionTreeClassifier(ccp_alpha=0.0, class_weight=None, criterion='gini',
                       max_depth=None, max_features=None, max_leaf_nodes=None,
                       min_impurity_decrease=0.0, min_samples_leaf=1,
                       min_samples_split=2, min_weight_fraction_leaf=0.0,
                       random_state=664, splitter='best')
2023-08-11 12:42:17,230:INFO:create_model() successfully completed......................................
2023-08-11 12:42:17,296:INFO:SubProcess create_model() end ==================================
2023-08-11 12:42:17,296:INFO:DecisionTreeClassifier(ccp_alpha=0.0, class_weight=None, criterion='gini',
                       max_depth=None, max_features=None, max_leaf_nodes=None,
                       min_impurity_decrease=0.0, min_samples_leaf=1,
                       min_samples_split=2, min_weight_fraction_leaf=0.0,
                       random_state=664, splitter='best') result for Accuracy is 0.7413
2023-08-11 12:42:17,296:INFO:DecisionTreeClassifier(ccp_alpha=0.0, class_weight=None, criterion='entropy',
                       max_depth=5, max_features=1.0, max_leaf_nodes=None,
                       min_impurity_decrease=0.0005, min_samples_leaf=2,
                       min_samples_split=2, min_weight_fraction_leaf=0.0,
                       random_state=664, splitter='best') result for Accuracy is 0.8162
2023-08-11 12:42:17,296:INFO:DecisionTreeClassifier(ccp_alpha=0.0, class_weight=None, criterion='entropy',
                       max_depth=5, max_features=1.0, max_leaf_nodes=None,
                       min_impurity_decrease=0.0005, min_samples_leaf=2,
                       min_samples_split=2, min_weight_fraction_leaf=0.0,
                       random_state=664, splitter='best') is best model
2023-08-11 12:42:17,296:INFO:choose_better completed
2023-08-11 12:42:17,300:INFO:_master_model_container: 19
2023-08-11 12:42:17,300:INFO:_display_container: 4
2023-08-11 12:42:17,301:INFO:DecisionTreeClassifier(ccp_alpha=0.0, class_weight=None, criterion='entropy',
                       max_depth=5, max_features=1.0, max_leaf_nodes=None,
                       min_impurity_decrease=0.0005, min_samples_leaf=2,
                       min_samples_split=2, min_weight_fraction_leaf=0.0,
                       random_state=664, splitter='best')
2023-08-11 12:42:17,301:INFO:tune_model() successfully completed......................................
2023-08-11 12:42:17,587:INFO:Initializing tune_model()
2023-08-11 12:42:17,587:INFO:tune_model(estimator=DecisionTreeClassifier(ccp_alpha=0.0, class_weight=None, criterion='gini',
                       max_depth=None, max_features=None, max_leaf_nodes=None,
                       min_impurity_decrease=0.0, min_samples_leaf=1,
                       min_samples_split=2, min_weight_fraction_leaf=0.0,
                       random_state=664, splitter='best'), fold=None, round=4, n_iter=50, custom_grid=None, optimize=Accuracy, custom_scorer=None, search_library=scikit-learn, search_algorithm=None, early_stopping=False, early_stopping_max_iters=10, choose_better=True, fit_kwargs=None, groups=None, return_tuner=False, verbose=True, tuner_verbose=True, return_train_score=False, kwargs={}, self=<pycaret.classification.oop.ClassificationExperiment object at 0x2ba1253a0>)
2023-08-11 12:42:17,587:INFO:Checking exceptions
2023-08-11 12:42:17,603:INFO:Copying training dataset
2023-08-11 12:42:17,617:INFO:Checking base model
2023-08-11 12:42:17,617:INFO:Base model : Decision Tree Classifier
2023-08-11 12:42:17,619:INFO:Declaring metric variables
2023-08-11 12:42:17,621:INFO:Defining Hyperparameters
2023-08-11 12:42:17,697:INFO:Tuning with n_jobs=-1
2023-08-11 12:42:17,697:INFO:Initializing RandomizedSearchCV
2023-08-11 12:44:18,694:INFO:best_params: {'actual_estimator__min_samples_split': 9, 'actual_estimator__min_samples_leaf': 2, 'actual_estimator__min_impurity_decrease': 0.0005, 'actual_estimator__max_features': 1.0, 'actual_estimator__max_depth': 13, 'actual_estimator__criterion': 'gini'}
2023-08-11 12:44:18,696:INFO:Hyperparameter search completed
2023-08-11 12:44:18,696:INFO:SubProcess create_model() called ==================================
2023-08-11 12:44:18,696:INFO:Initializing create_model()
2023-08-11 12:44:18,696:INFO:create_model(self=<pycaret.classification.oop.ClassificationExperiment object at 0x2ba1253a0>, estimator=DecisionTreeClassifier(ccp_alpha=0.0, class_weight=None, criterion='gini',
                       max_depth=None, max_features=None, max_leaf_nodes=None,
                       min_impurity_decrease=0.0, min_samples_leaf=1,
                       min_samples_split=2, min_weight_fraction_leaf=0.0,
                       random_state=664, splitter='best'), fold=StratifiedKFold(n_splits=10, random_state=None, shuffle=False), round=4, cross_validation=True, predict=True, fit_kwargs={}, groups=None, refit=True, probability_threshold=None, experiment_custom_tags=None, verbose=True, system=False, add_to_model_list=True, metrics=None, display=<pycaret.internal.display.display.CommonDisplay object at 0x2bbcc1d30>, model_only=True, return_train_score=False, kwargs={'min_samples_split': 9, 'min_samples_leaf': 2, 'min_impurity_decrease': 0.0005, 'max_features': 1.0, 'max_depth': 13, 'criterion': 'gini'})
2023-08-11 12:44:18,697:INFO:Checking exceptions
2023-08-11 12:44:18,697:INFO:Importing libraries
2023-08-11 12:44:18,697:INFO:Copying training dataset
2023-08-11 12:44:18,835:INFO:Defining folds
2023-08-11 12:44:18,835:INFO:Declaring metric variables
2023-08-11 12:44:18,837:INFO:Importing untrained model
2023-08-11 12:44:18,837:INFO:Declaring custom model
2023-08-11 12:44:18,838:INFO:Decision Tree Classifier Imported successfully
2023-08-11 12:44:18,841:INFO:Starting cross validation
2023-08-11 12:44:18,841:INFO:Cross validating with StratifiedKFold(n_splits=10, random_state=None, shuffle=False), n_jobs=-1
2023-08-11 12:44:21,576:INFO:Calculating mean and std
2023-08-11 12:44:21,576:INFO:Creating metrics dataframe
2023-08-11 12:44:21,579:INFO:Finalizing model
2023-08-11 12:44:21,948:INFO:Uploading results into container
2023-08-11 12:44:21,948:INFO:Uploading model into container now
2023-08-11 12:44:21,948:INFO:_master_model_container: 20
2023-08-11 12:44:21,948:INFO:_display_container: 5
2023-08-11 12:44:21,949:INFO:DecisionTreeClassifier(ccp_alpha=0.0, class_weight=None, criterion='gini',
                       max_depth=13, max_features=1.0, max_leaf_nodes=None,
                       min_impurity_decrease=0.0005, min_samples_leaf=2,
                       min_samples_split=9, min_weight_fraction_leaf=0.0,
                       random_state=664, splitter='best')
2023-08-11 12:44:21,949:INFO:create_model() successfully completed......................................
2023-08-11 12:44:22,016:INFO:SubProcess create_model() end ==================================
2023-08-11 12:44:22,016:INFO:choose_better activated
2023-08-11 12:44:22,018:INFO:SubProcess create_model() called ==================================
2023-08-11 12:44:22,018:INFO:Initializing create_model()
2023-08-11 12:44:22,018:INFO:create_model(self=<pycaret.classification.oop.ClassificationExperiment object at 0x2ba1253a0>, estimator=DecisionTreeClassifier(ccp_alpha=0.0, class_weight=None, criterion='gini',
                       max_depth=None, max_features=None, max_leaf_nodes=None,
                       min_impurity_decrease=0.0, min_samples_leaf=1,
                       min_samples_split=2, min_weight_fraction_leaf=0.0,
                       random_state=664, splitter='best'), fold=StratifiedKFold(n_splits=10, random_state=None, shuffle=False), round=4, cross_validation=True, predict=True, fit_kwargs={}, groups=None, refit=True, probability_threshold=None, experiment_custom_tags=None, verbose=False, system=False, add_to_model_list=True, metrics=None, display=None, model_only=True, return_train_score=False, kwargs={})
2023-08-11 12:44:22,018:INFO:Checking exceptions
2023-08-11 12:44:22,019:INFO:Importing libraries
2023-08-11 12:44:22,019:INFO:Copying training dataset
2023-08-11 12:44:22,035:INFO:Defining folds
2023-08-11 12:44:22,035:INFO:Declaring metric variables
2023-08-11 12:44:22,035:INFO:Importing untrained model
2023-08-11 12:44:22,035:INFO:Declaring custom model
2023-08-11 12:44:22,036:INFO:Decision Tree Classifier Imported successfully
2023-08-11 12:44:22,036:INFO:Starting cross validation
2023-08-11 12:44:22,036:INFO:Cross validating with StratifiedKFold(n_splits=10, random_state=None, shuffle=False), n_jobs=-1
2023-08-11 12:44:24,776:INFO:Calculating mean and std
2023-08-11 12:44:24,777:INFO:Creating metrics dataframe
2023-08-11 12:44:24,778:INFO:Finalizing model
2023-08-11 12:44:25,054:INFO:Uploading results into container
2023-08-11 12:44:25,055:INFO:Uploading model into container now
2023-08-11 12:44:25,055:INFO:_master_model_container: 21
2023-08-11 12:44:25,055:INFO:_display_container: 6
2023-08-11 12:44:25,055:INFO:DecisionTreeClassifier(ccp_alpha=0.0, class_weight=None, criterion='gini',
                       max_depth=None, max_features=None, max_leaf_nodes=None,
                       min_impurity_decrease=0.0, min_samples_leaf=1,
                       min_samples_split=2, min_weight_fraction_leaf=0.0,
                       random_state=664, splitter='best')
2023-08-11 12:44:25,055:INFO:create_model() successfully completed......................................
2023-08-11 12:44:25,123:INFO:SubProcess create_model() end ==================================
2023-08-11 12:44:25,124:INFO:DecisionTreeClassifier(ccp_alpha=0.0, class_weight=None, criterion='gini',
                       max_depth=None, max_features=None, max_leaf_nodes=None,
                       min_impurity_decrease=0.0, min_samples_leaf=1,
                       min_samples_split=2, min_weight_fraction_leaf=0.0,
                       random_state=664, splitter='best') result for Accuracy is 0.7413
2023-08-11 12:44:25,124:INFO:DecisionTreeClassifier(ccp_alpha=0.0, class_weight=None, criterion='gini',
                       max_depth=13, max_features=1.0, max_leaf_nodes=None,
                       min_impurity_decrease=0.0005, min_samples_leaf=2,
                       min_samples_split=9, min_weight_fraction_leaf=0.0,
                       random_state=664, splitter='best') result for Accuracy is 0.8222
2023-08-11 12:44:25,124:INFO:DecisionTreeClassifier(ccp_alpha=0.0, class_weight=None, criterion='gini',
                       max_depth=13, max_features=1.0, max_leaf_nodes=None,
                       min_impurity_decrease=0.0005, min_samples_leaf=2,
                       min_samples_split=9, min_weight_fraction_leaf=0.0,
                       random_state=664, splitter='best') is best model
2023-08-11 12:44:25,124:INFO:choose_better completed
2023-08-11 12:44:25,128:INFO:_master_model_container: 21
2023-08-11 12:44:25,128:INFO:_display_container: 5
2023-08-11 12:44:25,129:INFO:DecisionTreeClassifier(ccp_alpha=0.0, class_weight=None, criterion='gini',
                       max_depth=13, max_features=1.0, max_leaf_nodes=None,
                       min_impurity_decrease=0.0005, min_samples_leaf=2,
                       min_samples_split=9, min_weight_fraction_leaf=0.0,
                       random_state=664, splitter='best')
2023-08-11 12:44:25,129:INFO:tune_model() successfully completed......................................
2023-08-11 12:44:25,429:INFO:Initializing tune_model()
2023-08-11 12:44:25,429:INFO:tune_model(estimator=DecisionTreeClassifier(ccp_alpha=0.0, class_weight=None, criterion='gini',
                       max_depth=None, max_features=None, max_leaf_nodes=None,
                       min_impurity_decrease=0.0, min_samples_leaf=1,
                       min_samples_split=2, min_weight_fraction_leaf=0.0,
                       random_state=664, splitter='best'), fold=None, round=4, n_iter=10, custom_grid=None, optimize=AUC, custom_scorer=None, search_library=scikit-learn, search_algorithm=None, early_stopping=False, early_stopping_max_iters=10, choose_better=True, fit_kwargs=None, groups=None, return_tuner=False, verbose=True, tuner_verbose=True, return_train_score=False, kwargs={}, self=<pycaret.classification.oop.ClassificationExperiment object at 0x2ba1253a0>)
2023-08-11 12:44:25,429:INFO:Checking exceptions
2023-08-11 12:44:25,441:INFO:Copying training dataset
2023-08-11 12:44:25,453:INFO:Checking base model
2023-08-11 12:44:25,454:INFO:Base model : Decision Tree Classifier
2023-08-11 12:44:25,455:INFO:Declaring metric variables
2023-08-11 12:44:25,456:INFO:Defining Hyperparameters
2023-08-11 12:44:25,527:INFO:Tuning with n_jobs=-1
2023-08-11 12:44:25,528:INFO:Initializing RandomizedSearchCV
2023-08-11 12:44:50,507:INFO:best_params: {'actual_estimator__min_samples_split': 2, 'actual_estimator__min_samples_leaf': 2, 'actual_estimator__min_impurity_decrease': 0.0005, 'actual_estimator__max_features': 1.0, 'actual_estimator__max_depth': 5, 'actual_estimator__criterion': 'entropy'}
2023-08-11 12:44:50,509:INFO:Hyperparameter search completed
2023-08-11 12:44:50,509:INFO:SubProcess create_model() called ==================================
2023-08-11 12:44:50,510:INFO:Initializing create_model()
2023-08-11 12:44:50,510:INFO:create_model(self=<pycaret.classification.oop.ClassificationExperiment object at 0x2ba1253a0>, estimator=DecisionTreeClassifier(ccp_alpha=0.0, class_weight=None, criterion='gini',
                       max_depth=None, max_features=None, max_leaf_nodes=None,
                       min_impurity_decrease=0.0, min_samples_leaf=1,
                       min_samples_split=2, min_weight_fraction_leaf=0.0,
                       random_state=664, splitter='best'), fold=StratifiedKFold(n_splits=10, random_state=None, shuffle=False), round=4, cross_validation=True, predict=True, fit_kwargs={}, groups=None, refit=True, probability_threshold=None, experiment_custom_tags=None, verbose=True, system=False, add_to_model_list=True, metrics=None, display=<pycaret.internal.display.display.CommonDisplay object at 0x2bad8b8e0>, model_only=True, return_train_score=False, kwargs={'min_samples_split': 2, 'min_samples_leaf': 2, 'min_impurity_decrease': 0.0005, 'max_features': 1.0, 'max_depth': 5, 'criterion': 'entropy'})
2023-08-11 12:44:50,510:INFO:Checking exceptions
2023-08-11 12:44:50,510:INFO:Importing libraries
2023-08-11 12:44:50,510:INFO:Copying training dataset
2023-08-11 12:44:50,526:INFO:Defining folds
2023-08-11 12:44:50,526:INFO:Declaring metric variables
2023-08-11 12:44:50,528:INFO:Importing untrained model
2023-08-11 12:44:50,528:INFO:Declaring custom model
2023-08-11 12:44:50,529:INFO:Decision Tree Classifier Imported successfully
2023-08-11 12:44:50,532:INFO:Starting cross validation
2023-08-11 12:44:50,532:INFO:Cross validating with StratifiedKFold(n_splits=10, random_state=None, shuffle=False), n_jobs=-1
2023-08-11 12:44:53,094:INFO:Calculating mean and std
2023-08-11 12:44:53,094:INFO:Creating metrics dataframe
2023-08-11 12:44:53,097:INFO:Finalizing model
2023-08-11 12:44:53,359:INFO:Uploading results into container
2023-08-11 12:44:53,359:INFO:Uploading model into container now
2023-08-11 12:44:53,359:INFO:_master_model_container: 22
2023-08-11 12:44:53,359:INFO:_display_container: 6
2023-08-11 12:44:53,360:INFO:DecisionTreeClassifier(ccp_alpha=0.0, class_weight=None, criterion='entropy',
                       max_depth=5, max_features=1.0, max_leaf_nodes=None,
                       min_impurity_decrease=0.0005, min_samples_leaf=2,
                       min_samples_split=2, min_weight_fraction_leaf=0.0,
                       random_state=664, splitter='best')
2023-08-11 12:44:53,360:INFO:create_model() successfully completed......................................
2023-08-11 12:44:53,430:INFO:SubProcess create_model() end ==================================
2023-08-11 12:44:53,430:INFO:choose_better activated
2023-08-11 12:44:53,432:INFO:SubProcess create_model() called ==================================
2023-08-11 12:44:53,432:INFO:Initializing create_model()
2023-08-11 12:44:53,432:INFO:create_model(self=<pycaret.classification.oop.ClassificationExperiment object at 0x2ba1253a0>, estimator=DecisionTreeClassifier(ccp_alpha=0.0, class_weight=None, criterion='gini',
                       max_depth=None, max_features=None, max_leaf_nodes=None,
                       min_impurity_decrease=0.0, min_samples_leaf=1,
                       min_samples_split=2, min_weight_fraction_leaf=0.0,
                       random_state=664, splitter='best'), fold=StratifiedKFold(n_splits=10, random_state=None, shuffle=False), round=4, cross_validation=True, predict=True, fit_kwargs={}, groups=None, refit=True, probability_threshold=None, experiment_custom_tags=None, verbose=False, system=False, add_to_model_list=True, metrics=None, display=None, model_only=True, return_train_score=False, kwargs={})
2023-08-11 12:44:53,432:INFO:Checking exceptions
2023-08-11 12:44:53,433:INFO:Importing libraries
2023-08-11 12:44:53,433:INFO:Copying training dataset
2023-08-11 12:44:53,449:INFO:Defining folds
2023-08-11 12:44:53,449:INFO:Declaring metric variables
2023-08-11 12:44:53,449:INFO:Importing untrained model
2023-08-11 12:44:53,449:INFO:Declaring custom model
2023-08-11 12:44:53,449:INFO:Decision Tree Classifier Imported successfully
2023-08-11 12:44:53,449:INFO:Starting cross validation
2023-08-11 12:44:53,450:INFO:Cross validating with StratifiedKFold(n_splits=10, random_state=None, shuffle=False), n_jobs=-1
2023-08-11 12:44:56,014:INFO:Calculating mean and std
2023-08-11 12:44:56,014:INFO:Creating metrics dataframe
2023-08-11 12:44:56,015:INFO:Finalizing model
2023-08-11 12:44:56,275:INFO:Uploading results into container
2023-08-11 12:44:56,277:INFO:Uploading model into container now
2023-08-11 12:44:56,277:INFO:_master_model_container: 23
2023-08-11 12:44:56,277:INFO:_display_container: 7
2023-08-11 12:44:56,277:INFO:DecisionTreeClassifier(ccp_alpha=0.0, class_weight=None, criterion='gini',
                       max_depth=None, max_features=None, max_leaf_nodes=None,
                       min_impurity_decrease=0.0, min_samples_leaf=1,
                       min_samples_split=2, min_weight_fraction_leaf=0.0,
                       random_state=664, splitter='best')
2023-08-11 12:44:56,277:INFO:create_model() successfully completed......................................
2023-08-11 12:44:56,343:INFO:SubProcess create_model() end ==================================
2023-08-11 12:44:56,344:INFO:DecisionTreeClassifier(ccp_alpha=0.0, class_weight=None, criterion='gini',
                       max_depth=None, max_features=None, max_leaf_nodes=None,
                       min_impurity_decrease=0.0, min_samples_leaf=1,
                       min_samples_split=2, min_weight_fraction_leaf=0.0,
                       random_state=664, splitter='best') result for AUC is 0.6235
2023-08-11 12:44:56,344:INFO:DecisionTreeClassifier(ccp_alpha=0.0, class_weight=None, criterion='entropy',
                       max_depth=5, max_features=1.0, max_leaf_nodes=None,
                       min_impurity_decrease=0.0005, min_samples_leaf=2,
                       min_samples_split=2, min_weight_fraction_leaf=0.0,
                       random_state=664, splitter='best') result for AUC is 0.7238
2023-08-11 12:44:56,344:INFO:DecisionTreeClassifier(ccp_alpha=0.0, class_weight=None, criterion='entropy',
                       max_depth=5, max_features=1.0, max_leaf_nodes=None,
                       min_impurity_decrease=0.0005, min_samples_leaf=2,
                       min_samples_split=2, min_weight_fraction_leaf=0.0,
                       random_state=664, splitter='best') is best model
2023-08-11 12:44:56,344:INFO:choose_better completed
2023-08-11 12:44:56,348:INFO:_master_model_container: 23
2023-08-11 12:44:56,348:INFO:_display_container: 6
2023-08-11 12:44:56,348:INFO:DecisionTreeClassifier(ccp_alpha=0.0, class_weight=None, criterion='entropy',
                       max_depth=5, max_features=1.0, max_leaf_nodes=None,
                       min_impurity_decrease=0.0005, min_samples_leaf=2,
                       min_samples_split=2, min_weight_fraction_leaf=0.0,
                       random_state=664, splitter='best')
2023-08-11 12:44:56,348:INFO:tune_model() successfully completed......................................
2023-08-11 12:44:56,641:INFO:Initializing tune_model()
2023-08-11 12:44:56,641:INFO:tune_model(estimator=DecisionTreeClassifier(ccp_alpha=0.0, class_weight=None, criterion='gini',
                       max_depth=None, max_features=None, max_leaf_nodes=None,
                       min_impurity_decrease=0.0, min_samples_leaf=1,
                       min_samples_split=2, min_weight_fraction_leaf=0.0,
                       random_state=664, splitter='best'), fold=None, round=4, n_iter=10, custom_grid={'max_depth': array([42, 31, 45,  1, 20,  4, 12,  6,  7, 24, 49,  5,  9, 37, 22, 43, 25,
       18,  3, 41]), 'max_features': array([28, 44, 36, 33, 46, 42,  9, 59, 25, 47, 39, 55, 38, 53,  2, 16,  5,
       12, 28, 20]), 'min_samples_leaf': [2, 3, 4, 5, 6], 'criterion': ['gini', 'entropy']}, optimize=Accuracy, custom_scorer=None, search_library=scikit-learn, search_algorithm=None, early_stopping=False, early_stopping_max_iters=10, choose_better=True, fit_kwargs=None, groups=None, return_tuner=False, verbose=True, tuner_verbose=True, return_train_score=False, kwargs={}, self=<pycaret.classification.oop.ClassificationExperiment object at 0x2ba1253a0>)
2023-08-11 12:44:56,641:INFO:Checking exceptions
2023-08-11 12:44:56,654:INFO:Copying training dataset
2023-08-11 12:44:56,668:INFO:Checking base model
2023-08-11 12:44:56,668:INFO:Base model : Decision Tree Classifier
2023-08-11 12:44:56,669:INFO:Declaring metric variables
2023-08-11 12:44:56,671:INFO:Defining Hyperparameters
2023-08-11 12:44:56,750:INFO:custom_grid: {'actual_estimator__max_depth': array([42, 31, 45,  1, 20,  4, 12,  6,  7, 24, 49,  5,  9, 37, 22, 43, 25,
       18,  3, 41]), 'actual_estimator__max_features': array([28, 44, 36, 33, 46, 42,  9, 59, 25, 47, 39, 55, 38, 53,  2, 16,  5,
       12, 28, 20]), 'actual_estimator__min_samples_leaf': [2, 3, 4, 5, 6], 'actual_estimator__criterion': ['gini', 'entropy']}
2023-08-11 12:44:56,750:INFO:Tuning with n_jobs=-1
2023-08-11 12:44:56,750:INFO:Initializing RandomizedSearchCV
2023-08-11 12:45:22,959:INFO:best_params: {'actual_estimator__min_samples_leaf': 6, 'actual_estimator__max_features': 44, 'actual_estimator__max_depth': 7, 'actual_estimator__criterion': 'entropy'}
2023-08-11 12:45:22,961:INFO:Hyperparameter search completed
2023-08-11 12:45:22,961:INFO:SubProcess create_model() called ==================================
2023-08-11 12:45:22,961:INFO:Initializing create_model()
2023-08-11 12:45:22,961:INFO:create_model(self=<pycaret.classification.oop.ClassificationExperiment object at 0x2ba1253a0>, estimator=DecisionTreeClassifier(ccp_alpha=0.0, class_weight=None, criterion='gini',
                       max_depth=None, max_features=None, max_leaf_nodes=None,
                       min_impurity_decrease=0.0, min_samples_leaf=1,
                       min_samples_split=2, min_weight_fraction_leaf=0.0,
                       random_state=664, splitter='best'), fold=StratifiedKFold(n_splits=10, random_state=None, shuffle=False), round=4, cross_validation=True, predict=True, fit_kwargs={}, groups=None, refit=True, probability_threshold=None, experiment_custom_tags=None, verbose=True, system=False, add_to_model_list=True, metrics=None, display=<pycaret.internal.display.display.CommonDisplay object at 0x2bd61e370>, model_only=True, return_train_score=False, kwargs={'min_samples_leaf': 6, 'max_features': 44, 'max_depth': 7, 'criterion': 'entropy'})
2023-08-11 12:45:22,961:INFO:Checking exceptions
2023-08-11 12:45:22,961:INFO:Importing libraries
2023-08-11 12:45:22,962:INFO:Copying training dataset
2023-08-11 12:45:22,979:INFO:Defining folds
2023-08-11 12:45:22,979:INFO:Declaring metric variables
2023-08-11 12:45:22,982:INFO:Importing untrained model
2023-08-11 12:45:22,982:INFO:Declaring custom model
2023-08-11 12:45:22,983:INFO:Decision Tree Classifier Imported successfully
2023-08-11 12:45:22,986:INFO:Starting cross validation
2023-08-11 12:45:22,987:INFO:Cross validating with StratifiedKFold(n_splits=10, random_state=None, shuffle=False), n_jobs=-1
2023-08-11 12:45:25,702:INFO:Calculating mean and std
2023-08-11 12:45:25,703:INFO:Creating metrics dataframe
2023-08-11 12:45:25,706:INFO:Finalizing model
2023-08-11 12:45:26,093:INFO:Uploading results into container
2023-08-11 12:45:26,093:INFO:Uploading model into container now
2023-08-11 12:45:26,094:INFO:_master_model_container: 24
2023-08-11 12:45:26,094:INFO:_display_container: 7
2023-08-11 12:45:26,094:INFO:DecisionTreeClassifier(ccp_alpha=0.0, class_weight=None, criterion='entropy',
                       max_depth=7, max_features=44, max_leaf_nodes=None,
                       min_impurity_decrease=0.0, min_samples_leaf=6,
                       min_samples_split=2, min_weight_fraction_leaf=0.0,
                       random_state=664, splitter='best')
2023-08-11 12:45:26,094:INFO:create_model() successfully completed......................................
2023-08-11 12:45:26,211:INFO:SubProcess create_model() end ==================================
2023-08-11 12:45:26,211:INFO:choose_better activated
2023-08-11 12:45:26,213:INFO:SubProcess create_model() called ==================================
2023-08-11 12:45:26,213:INFO:Initializing create_model()
2023-08-11 12:45:26,213:INFO:create_model(self=<pycaret.classification.oop.ClassificationExperiment object at 0x2ba1253a0>, estimator=DecisionTreeClassifier(ccp_alpha=0.0, class_weight=None, criterion='gini',
                       max_depth=None, max_features=None, max_leaf_nodes=None,
                       min_impurity_decrease=0.0, min_samples_leaf=1,
                       min_samples_split=2, min_weight_fraction_leaf=0.0,
                       random_state=664, splitter='best'), fold=StratifiedKFold(n_splits=10, random_state=None, shuffle=False), round=4, cross_validation=True, predict=True, fit_kwargs={}, groups=None, refit=True, probability_threshold=None, experiment_custom_tags=None, verbose=False, system=False, add_to_model_list=True, metrics=None, display=None, model_only=True, return_train_score=False, kwargs={})
2023-08-11 12:45:26,213:INFO:Checking exceptions
2023-08-11 12:45:26,214:INFO:Importing libraries
2023-08-11 12:45:26,214:INFO:Copying training dataset
2023-08-11 12:45:26,232:INFO:Defining folds
2023-08-11 12:45:26,232:INFO:Declaring metric variables
2023-08-11 12:45:26,232:INFO:Importing untrained model
2023-08-11 12:45:26,232:INFO:Declaring custom model
2023-08-11 12:45:26,233:INFO:Decision Tree Classifier Imported successfully
2023-08-11 12:45:26,233:INFO:Starting cross validation
2023-08-11 12:45:26,233:INFO:Cross validating with StratifiedKFold(n_splits=10, random_state=None, shuffle=False), n_jobs=-1
2023-08-11 12:45:29,006:INFO:Calculating mean and std
2023-08-11 12:45:29,007:INFO:Creating metrics dataframe
2023-08-11 12:45:29,008:INFO:Finalizing model
2023-08-11 12:45:29,275:INFO:Uploading results into container
2023-08-11 12:45:29,276:INFO:Uploading model into container now
2023-08-11 12:45:29,276:INFO:_master_model_container: 25
2023-08-11 12:45:29,276:INFO:_display_container: 8
2023-08-11 12:45:29,276:INFO:DecisionTreeClassifier(ccp_alpha=0.0, class_weight=None, criterion='gini',
                       max_depth=None, max_features=None, max_leaf_nodes=None,
                       min_impurity_decrease=0.0, min_samples_leaf=1,
                       min_samples_split=2, min_weight_fraction_leaf=0.0,
                       random_state=664, splitter='best')
2023-08-11 12:45:29,276:INFO:create_model() successfully completed......................................
2023-08-11 12:45:29,344:INFO:SubProcess create_model() end ==================================
2023-08-11 12:45:29,345:INFO:DecisionTreeClassifier(ccp_alpha=0.0, class_weight=None, criterion='gini',
                       max_depth=None, max_features=None, max_leaf_nodes=None,
                       min_impurity_decrease=0.0, min_samples_leaf=1,
                       min_samples_split=2, min_weight_fraction_leaf=0.0,
                       random_state=664, splitter='best') result for Accuracy is 0.7413
2023-08-11 12:45:29,345:INFO:DecisionTreeClassifier(ccp_alpha=0.0, class_weight=None, criterion='entropy',
                       max_depth=7, max_features=44, max_leaf_nodes=None,
                       min_impurity_decrease=0.0, min_samples_leaf=6,
                       min_samples_split=2, min_weight_fraction_leaf=0.0,
                       random_state=664, splitter='best') result for Accuracy is 0.8173
2023-08-11 12:45:29,345:INFO:DecisionTreeClassifier(ccp_alpha=0.0, class_weight=None, criterion='entropy',
                       max_depth=7, max_features=44, max_leaf_nodes=None,
                       min_impurity_decrease=0.0, min_samples_leaf=6,
                       min_samples_split=2, min_weight_fraction_leaf=0.0,
                       random_state=664, splitter='best') is best model
2023-08-11 12:45:29,345:INFO:choose_better completed
2023-08-11 12:45:29,349:INFO:_master_model_container: 25
2023-08-11 12:45:29,349:INFO:_display_container: 7
2023-08-11 12:45:29,349:INFO:DecisionTreeClassifier(ccp_alpha=0.0, class_weight=None, criterion='entropy',
                       max_depth=7, max_features=44, max_leaf_nodes=None,
                       min_impurity_decrease=0.0, min_samples_leaf=6,
                       min_samples_split=2, min_weight_fraction_leaf=0.0,
                       random_state=664, splitter='best')
2023-08-11 12:45:29,350:INFO:tune_model() successfully completed......................................
2023-08-11 14:02:36,648:WARNING:/Users/a06411/opt/anaconda3/envs/pycaret/lib/python3.9/site-packages/lightgbm/engine.py:172: UserWarning: Found `num_iterations` in params. Will use it instead of argument
  _log_warning(f"Found `{alias}` in params. Will use it instead of argument")

2023-08-11 14:03:45,993:WARNING:/Users/a06411/opt/anaconda3/envs/pycaret/lib/python3.9/site-packages/lightgbm/engine.py:172: UserWarning: Found `num_iterations` in params. Will use it instead of argument
  _log_warning(f"Found `{alias}` in params. Will use it instead of argument")

2023-08-11 14:03:54,657:WARNING:/Users/a06411/opt/anaconda3/envs/pycaret/lib/python3.9/site-packages/lightgbm/engine.py:172: UserWarning: Found `num_iterations` in params. Will use it instead of argument
  _log_warning(f"Found `{alias}` in params. Will use it instead of argument")

2023-08-11 14:04:02,458:WARNING:/Users/a06411/opt/anaconda3/envs/pycaret/lib/python3.9/site-packages/lightgbm/engine.py:172: UserWarning: Found `num_iterations` in params. Will use it instead of argument
  _log_warning(f"Found `{alias}` in params. Will use it instead of argument")

2023-08-11 14:04:10,231:WARNING:/Users/a06411/opt/anaconda3/envs/pycaret/lib/python3.9/site-packages/lightgbm/engine.py:172: UserWarning: Found `num_iterations` in params. Will use it instead of argument
  _log_warning(f"Found `{alias}` in params. Will use it instead of argument")

2023-08-11 14:04:18,015:WARNING:/Users/a06411/opt/anaconda3/envs/pycaret/lib/python3.9/site-packages/lightgbm/engine.py:172: UserWarning: Found `num_iterations` in params. Will use it instead of argument
  _log_warning(f"Found `{alias}` in params. Will use it instead of argument")

